[ 2015-06-24T10:29:32+08:00 ] 183.62.210.102 /index.php?s=/admin/login/login.html
INFO: [ route_check ] --START--
INFO: CheckRoute Behavior ::run [ RunTime:0.000448s ]
INFO: [ route_check ] --END-- [ RunTime:0.000514s ]
INFO: [ app_begin ] --START--
INFO: ReadHtmlCache Behavior ::run [ RunTime:0.000301s ]
INFO: [ app_begin ] --END-- [ RunTime:0.000348s ]
INFO: [ view_parse ] --START--
SQL: SHOW COLUMNS FROM `easy_fields` [ RunTime:0.000560s ]
SQL: SELECT * FROM `easy_fields` WHERE ( `field` = 'title' ) LIMIT 1   [ RunTime:0.000182s ]
INFO: ParseTemplate Behavior ::run [ RunTime:0.010208s ]
INFO: [ view_parse ] --END-- [ RunTime:0.010264s ]
INFO: [ view_filter ] --START--
INFO: ContentReplace Behavior ::run [ RunTime:0.000222s ]
INFO: TokenBuild Behavior ::run [ RunTime:0.000223s ]
INFO: WriteHtmlCache Behavior ::run [ RunTime:0.000123s ]
INFO: ShowRuntime Behavior ::run [ RunTime:0.000236s ]
INFO: [ view_filter ] --END-- [ RunTime:0.000916s ]
INFO: [ view_end ] --START--
INFO: ShowPageTrace Behavior ::run [ RunTime:0.000364s ]
INFO: [ view_end ] --END-- [ RunTime:0.000400s ]

[ 2015-06-24T10:29:32+08:00 ] 183.62.210.102 /index.php?s=/admin/login/verify/
INFO: [ route_check ] --START--
INFO: CheckRoute Behavior ::run [ RunTime:0.000440s ]
INFO: [ route_check ] --END-- [ RunTime:0.000494s ]
INFO: [ app_begin ] --START--
INFO: ReadHtmlCache Behavior ::run [ RunTime:0.000280s ]
INFO: [ app_begin ] --END-- [ RunTime:0.000321s ]

[ 2015-06-24T10:29:38+08:00 ] 183.62.210.102 /index.php?s=/admin/login/checkLogin/
INFO: [ route_check ] --START--
INFO: CheckRoute Behavior ::run [ RunTime:0.000427s ]
INFO: [ route_check ] --END-- [ RunTime:0.000494s ]
INFO: [ app_begin ] --START--
INFO: ReadHtmlCache Behavior ::run [ RunTime:0.000285s ]
INFO: [ app_begin ] --END-- [ RunTime:0.000325s ]
SQL: SHOW COLUMNS FROM `easy_user` [ RunTime:0.000622s ]
SQL: SELECT * FROM `easy_user` WHERE ( `username` = 'admin' ) LIMIT 1   [ RunTime:0.000229s ]
SQL: UPDATE `easy_user` SET `logintime`=1435112978,`loginip`='183.62.210.102' WHERE ( `id` = 6 ) [ RunTime:0.000204s ]

[ 2015-06-24T10:29:38+08:00 ] 183.62.210.102 /index.php?s=/admin/index/index.html
INFO: [ route_check ] --START--
INFO: CheckRoute Behavior ::run [ RunTime:0.000433s ]
INFO: [ route_check ] --END-- [ RunTime:0.000485s ]
INFO: [ app_begin ] --START--
INFO: ReadHtmlCache Behavior ::run [ RunTime:0.000277s ]
INFO: [ app_begin ] --END-- [ RunTime:0.000318s ]
INFO: [ view_parse ] --START--
SQL: SHOW COLUMNS FROM `easy_fields` [ RunTime:0.000541s ]
SQL: SELECT * FROM `easy_fields` WHERE ( `field` = 'title' ) LIMIT 1   [ RunTime:0.000169s ]
INFO: ParseTemplate Behavior ::run [ RunTime:0.014404s ]
INFO: [ view_parse ] --END-- [ RunTime:0.014450s ]
INFO: [ view_filter ] --START--
INFO: ContentReplace Behavior ::run [ RunTime:0.000310s ]
INFO: TokenBuild Behavior ::run [ RunTime:0.000196s ]
INFO: WriteHtmlCache Behavior ::run [ RunTime:0.000125s ]
INFO: ShowRuntime Behavior ::run [ RunTime:0.000288s ]
INFO: [ view_filter ] --END-- [ RunTime:0.001024s ]
INFO: [ view_end ] --START--
INFO: ShowPageTrace Behavior ::run [ RunTime:0.000343s ]
INFO: [ view_end ] --END-- [ RunTime:0.000386s ]

[ 2015-06-24T10:29:41+08:00 ] 183.62.210.102 /index.php?s=/admin/rank/index.html&_=1435112926487
INFO: [ route_check ] --START--
INFO: CheckRoute Behavior ::run [ RunTime:0.000426s ]
INFO: [ route_check ] --END-- [ RunTime:0.000491s ]
INFO: [ app_begin ] --START--
INFO: ReadHtmlCache Behavior ::run [ RunTime:0.000279s ]
INFO: [ app_begin ] --END-- [ RunTime:0.000316s ]
SQL: SHOW COLUMNS FROM `easy_member_user_rank` [ RunTime:0.000536s ]
SQL: SELECT COUNT(*) AS tp_count FROM `easy_member_user_rank` LIMIT 1   [ RunTime:0.000129s ]
SQL: SELECT * FROM `easy_member_user_rank` ORDER BY rank_id desc LIMIT 0,10   [ RunTime:0.000151s ]
NOTIC: [8] Undefined variable: search /alidata/www/default/App/Modules/Admin/Action/RankAction.class.php 第 239 行.
NOTIC: [8] Undefined index: values /alidata/www/default/App/Modules/Admin/Action/RankAction.class.php 第 240 行.
INFO: [ view_parse ] --START--
NOTIC: [8] Undefined index: _order /alidata/www/default/App/Runtime/Cache/Admin/64ff2aa744bfb62d8b14dd2b1ca5cd8f.php 第 4 行.
NOTIC: [8] Undefined index: _sort /alidata/www/default/App/Runtime/Cache/Admin/64ff2aa744bfb62d8b14dd2b1ca5cd8f.php 第 5 行.
NOTIC: [8] Undefined index: keyword /alidata/www/default/App/Runtime/Cache/Admin/64ff2aa744bfb62d8b14dd2b1ca5cd8f.php 第 14 行.
INFO: ParseTemplate Behavior ::run [ RunTime:0.006269s ]
INFO: [ view_parse ] --END-- [ RunTime:0.006305s ]
INFO: [ view_filter ] --START--
INFO: ContentReplace Behavior ::run [ RunTime:0.000188s ]
INFO: TokenBuild Behavior ::run [ RunTime:0.000187s ]
INFO: WriteHtmlCache Behavior ::run [ RunTime:0.000118s ]
INFO: ShowRuntime Behavior ::run [ RunTime:0.000257s ]
INFO: [ view_filter ] --END-- [ RunTime:0.000848s ]
INFO: [ view_end ] --START--
INFO: ShowPageTrace Behavior ::run [ RunTime:0.000330s ]
INFO: [ view_end ] --END-- [ RunTime:0.000368s ]

[ 2015-06-24T10:29:42+08:00 ] 183.62.210.102 /index.php?s=/admin/user/add.html&_=1435112927512
INFO: [ route_check ] --START--
INFO: CheckRoute Behavior ::run [ RunTime:0.000434s ]
INFO: [ route_check ] --END-- [ RunTime:0.000500s ]
INFO: [ app_begin ] --START--
INFO: ReadHtmlCache Behavior ::run [ RunTime:0.000295s ]
INFO: [ app_begin ] --END-- [ RunTime:0.000332s ]
SQL: SHOW COLUMNS FROM `easy_member_user_rank` [ RunTime:0.000531s ]
SQL: SELECT * FROM `easy_member_user_rank` ORDER BY rank_id asc  [ RunTime:0.000158s ]
INFO: [ view_parse ] --START--
INFO: ParseTemplate Behavior ::run [ RunTime:0.004869s ]
INFO: [ view_parse ] --END-- [ RunTime:0.004915s ]
INFO: [ view_filter ] --START--
INFO: ContentReplace Behavior ::run [ RunTime:0.000189s ]
INFO: TokenBuild Behavior ::run [ RunTime:0.000180s ]
INFO: WriteHtmlCache Behavior ::run [ RunTime:0.000154s ]
INFO: ShowRuntime Behavior ::run [ RunTime:0.000237s ]
INFO: [ view_filter ] --END-- [ RunTime:0.000898s ]
INFO: [ view_end ] --START--
INFO: ShowPageTrace Behavior ::run [ RunTime:0.000338s ]
INFO: [ view_end ] --END-- [ RunTime:0.000373s ]

[ 2015-06-24T10:29:47+08:00 ] 183.62.210.102 /index.php?s=/admin/category/index.html&_=1435112932335
INFO: [ route_check ] --START--
INFO: CheckRoute Behavior ::run [ RunTime:0.000454s ]
INFO: [ route_check ] --END-- [ RunTime:0.000521s ]
INFO: [ app_begin ] --START--
INFO: ReadHtmlCache Behavior ::run [ RunTime:0.000305s ]
INFO: [ app_begin ] --END-- [ RunTime:0.000342s ]
SQL: SHOW COLUMNS FROM `easy_category` [ RunTime:0.000649s ]
SQL: SELECT COUNT(*) AS tp_count FROM `easy_category` LIMIT 1   [ RunTime:0.000131s ]
SQL: SELECT * FROM `easy_category` ORDER BY sort asc  [ RunTime:0.000219s ]
NOTIC: [8] Undefined variable: search /alidata/www/default/App/Modules/Admin/Action/CategoryAction.class.php 第 255 行.
NOTIC: [8] Undefined index: values /alidata/www/default/App/Modules/Admin/Action/CategoryAction.class.php 第 256 行.
INFO: [ view_parse ] --START--
NOTIC: [8] Undefined index: _order /alidata/www/default/App/Runtime/Cache/Admin/13155fbe2e021747f92be41abac42d59.php 第 4 行.
NOTIC: [8] Undefined index: _sort /alidata/www/default/App/Runtime/Cache/Admin/13155fbe2e021747f92be41abac42d59.php 第 5 行.
INFO: ParseTemplate Behavior ::run [ RunTime:0.006398s ]
INFO: [ view_parse ] --END-- [ RunTime:0.006441s ]
INFO: [ view_filter ] --START--
INFO: ContentReplace Behavior ::run [ RunTime:0.000259s ]
INFO: TokenBuild Behavior ::run [ RunTime:0.000187s ]
INFO: WriteHtmlCache Behavior ::run [ RunTime:0.000116s ]
INFO: ShowRuntime Behavior ::run [ RunTime:0.000232s ]
INFO: [ view_filter ] --END-- [ RunTime:0.000897s ]
INFO: [ view_end ] --START--
INFO: ShowPageTrace Behavior ::run [ RunTime:0.000328s ]
INFO: [ view_end ] --END-- [ RunTime:0.000388s ]

[ 2015-06-24T10:29:48+08:00 ] 183.62.210.102 /index.php?s=/admin/articlem/index.html&_=1435112933801
INFO: [ route_check ] --START--
INFO: CheckRoute Behavior ::run [ RunTime:0.000456s ]
INFO: [ route_check ] --END-- [ RunTime:0.000532s ]
INFO: [ app_begin ] --START--
INFO: ReadHtmlCache Behavior ::run [ RunTime:0.000342s ]
INFO: [ app_begin ] --END-- [ RunTime:0.000380s ]
SQL: SHOW COLUMNS FROM `easy_article` [ RunTime:0.000724s ]
SQL: SELECT COUNT(*) AS tp_count FROM `easy_article` WHERE ( `islock` = 0 ) LIMIT 1   [ RunTime:0.000207s ]
SQL: SELECT * FROM `easy_article` WHERE ( `islock` = 0 ) ORDER BY article_id desc LIMIT 0,10   [ RunTime:0.000346s ]
SQL: SHOW COLUMNS FROM `easy_category` [ RunTime:0.000427s ]
SQL: SELECT * FROM `easy_category` WHERE ( 1=1 AND id='76' ) LIMIT 1   [ RunTime:0.000183s ]
SQL: SELECT * FROM `easy_category` WHERE ( 1=1 AND id='75' ) LIMIT 1   [ RunTime:0.000147s ]
SQL: SELECT * FROM `easy_category` WHERE ( 1=1 AND id='74' ) LIMIT 1   [ RunTime:0.000143s ]
SQL: SELECT * FROM `easy_category` WHERE ( 1=1 AND id='74' ) LIMIT 1   [ RunTime:0.000148s ]
SQL: SELECT * FROM `easy_category` WHERE ( 1=1 AND id='73' ) LIMIT 1   [ RunTime:0.000141s ]
SQL: SELECT * FROM `easy_category` WHERE ( 1=1 AND id='73' ) LIMIT 1   [ RunTime:0.000139s ]
SQL: SELECT * FROM `easy_category` WHERE ( 1=1 AND id='73' ) LIMIT 1   [ RunTime:0.000435s ]
SQL: SELECT * FROM `easy_category` WHERE ( 1=1 AND id='73' ) LIMIT 1   [ RunTime:0.000143s ]
SQL: SELECT * FROM `easy_category` WHERE ( 1=1 AND id='73' ) LIMIT 1   [ RunTime:0.000151s ]
SQL: SELECT * FROM `easy_category` WHERE ( 1=1 AND id='73' ) LIMIT 1   [ RunTime:0.000168s ]
NOTIC: [8] Undefined variable: search /alidata/www/default/App/Modules/Admin/Action/ArticlemAction.class.php 第 421 行.
NOTIC: [8] Undefined index: values /alidata/www/default/App/Modules/Admin/Action/ArticlemAction.class.php 第 422 行.
INFO: [ view_parse ] --START--
NOTIC: [8] Undefined index: _order /alidata/www/default/App/Runtime/Cache/Admin/d6a84e09d5c892be998c241c0b201a1e.php 第 4 行.
NOTIC: [8] Undefined index: _sort /alidata/www/default/App/Runtime/Cache/Admin/d6a84e09d5c892be998c241c0b201a1e.php 第 5 行.
NOTIC: [8] Undefined index: keyword /alidata/www/default/App/Runtime/Cache/Admin/d6a84e09d5c892be998c241c0b201a1e.php 第 14 行.
INFO: ParseTemplate Behavior ::run [ RunTime:0.007160s ]
INFO: [ view_parse ] --END-- [ RunTime:0.007199s ]
INFO: [ view_filter ] --START--
INFO: ContentReplace Behavior ::run [ RunTime:0.000227s ]
INFO: TokenBuild Behavior ::run [ RunTime:0.000205s ]
INFO: WriteHtmlCache Behavior ::run [ RunTime:0.000117s ]
INFO: ShowRuntime Behavior ::run [ RunTime:0.000226s ]
INFO: [ view_filter ] --END-- [ RunTime:0.000872s ]
INFO: [ view_end ] --START--
INFO: ShowPageTrace Behavior ::run [ RunTime:0.000327s ]
INFO: [ view_end ] --END-- [ RunTime:0.000361s ]

[ 2015-06-24T10:30:30+08:00 ] 183.62.210.102 /index.php?s=/admin/articlem/index.html&_=1435112975602
INFO: [ route_check ] --START--
INFO: CheckRoute Behavior ::run [ RunTime:0.000462s ]
INFO: [ route_check ] --END-- [ RunTime:0.000529s ]
INFO: [ app_begin ] --START--
INFO: ReadHtmlCache Behavior ::run [ RunTime:0.000308s ]
INFO: [ app_begin ] --END-- [ RunTime:0.000347s ]
SQL: SHOW COLUMNS FROM `easy_article` [ RunTime:0.000769s ]
SQL: SELECT COUNT(*) AS tp_count FROM `easy_article` WHERE ( `islock` = 0 ) LIMIT 1   [ RunTime:0.000203s ]
SQL: SELECT * FROM `easy_article` WHERE ( `islock` = 0 ) ORDER BY article_id desc LIMIT 0,10   [ RunTime:0.000300s ]
SQL: SHOW COLUMNS FROM `easy_category` [ RunTime:0.000432s ]
SQL: SELECT * FROM `easy_category` WHERE ( 1=1 AND id='76' ) LIMIT 1   [ RunTime:0.000170s ]
SQL: SELECT * FROM `easy_category` WHERE ( 1=1 AND id='75' ) LIMIT 1   [ RunTime:0.000152s ]
SQL: SELECT * FROM `easy_category` WHERE ( 1=1 AND id='74' ) LIMIT 1   [ RunTime:0.000142s ]
SQL: SELECT * FROM `easy_category` WHERE ( 1=1 AND id='74' ) LIMIT 1   [ RunTime:0.000143s ]
SQL: SELECT * FROM `easy_category` WHERE ( 1=1 AND id='73' ) LIMIT 1   [ RunTime:0.000140s ]
SQL: SELECT * FROM `easy_category` WHERE ( 1=1 AND id='73' ) LIMIT 1   [ RunTime:0.000140s ]
SQL: SELECT * FROM `easy_category` WHERE ( 1=1 AND id='73' ) LIMIT 1   [ RunTime:0.000156s ]
SQL: SELECT * FROM `easy_category` WHERE ( 1=1 AND id='73' ) LIMIT 1   [ RunTime:0.000139s ]
SQL: SELECT * FROM `easy_category` WHERE ( 1=1 AND id='73' ) LIMIT 1   [ RunTime:0.000149s ]
SQL: SELECT * FROM `easy_category` WHERE ( 1=1 AND id='73' ) LIMIT 1   [ RunTime:0.000137s ]
NOTIC: [8] Undefined variable: search /alidata/www/default/App/Modules/Admin/Action/ArticlemAction.class.php 第 421 行.
NOTIC: [8] Undefined index: values /alidata/www/default/App/Modules/Admin/Action/ArticlemAction.class.php 第 422 行.
INFO: [ view_parse ] --START--
NOTIC: [8] Undefined index: _order /alidata/www/default/App/Runtime/Cache/Admin/d6a84e09d5c892be998c241c0b201a1e.php 第 4 行.
NOTIC: [8] Undefined index: _sort /alidata/www/default/App/Runtime/Cache/Admin/d6a84e09d5c892be998c241c0b201a1e.php 第 5 行.
NOTIC: [8] Undefined index: keyword /alidata/www/default/App/Runtime/Cache/Admin/d6a84e09d5c892be998c241c0b201a1e.php 第 14 行.
INFO: ParseTemplate Behavior ::run [ RunTime:0.018258s ]
INFO: [ view_parse ] --END-- [ RunTime:0.018302s ]
INFO: [ view_filter ] --START--
INFO: ContentReplace Behavior ::run [ RunTime:0.000222s ]
INFO: TokenBuild Behavior ::run [ RunTime:0.000185s ]
INFO: WriteHtmlCache Behavior ::run [ RunTime:0.000119s ]
INFO: ShowRuntime Behavior ::run [ RunTime:0.000248s ]
INFO: [ view_filter ] --END-- [ RunTime:0.000893s ]
INFO: [ view_end ] --START--
INFO: ShowPageTrace Behavior ::run [ RunTime:0.000338s ]
INFO: [ view_end ] --END-- [ RunTime:0.000382s ]

[ 2015-06-24T10:30:51+08:00 ] 183.62.210.102 /index.php?s=/admin/support/index.html&_=1435112995980
INFO: [ route_check ] --START--
INFO: CheckRoute Behavior ::run [ RunTime:0.000422s ]
INFO: [ route_check ] --END-- [ RunTime:0.000511s ]
INFO: [ app_begin ] --START--
INFO: ReadHtmlCache Behavior ::run [ RunTime:0.000280s ]
INFO: [ app_begin ] --END-- [ RunTime:0.000317s ]
SQL: SHOW COLUMNS FROM `easy_support` [ RunTime:0.000742s ]
SQL: SELECT COUNT(*) AS tp_count FROM `easy_support` LIMIT 1   [ RunTime:0.000309s ]
SQL: SELECT * FROM `easy_support` ORDER BY id asc  [ RunTime:0.000140s ]
NOTIC: [2] Invalid argument supplied for foreach() /alidata/www/default/ThinkPHP/Extend/Library/ORG/Util/Category.class.php 第 9 行.
NOTIC: [8] Undefined variable: search /alidata/www/default/App/Modules/Admin/Action/SupportAction.class.php 第 151 行.
NOTIC: [8] Undefined index: values /alidata/www/default/App/Modules/Admin/Action/SupportAction.class.php 第 152 行.
INFO: [ view_parse ] --START--
NOTIC: [8] Undefined index: _order /alidata/www/default/App/Runtime/Cache/Admin/016f9c999e71f7d3248aa3123d80c004.php 第 4 行.
NOTIC: [8] Undefined index: _sort /alidata/www/default/App/Runtime/Cache/Admin/016f9c999e71f7d3248aa3123d80c004.php 第 5 行.
INFO: ParseTemplate Behavior ::run [ RunTime:0.005137s ]
INFO: [ view_parse ] --END-- [ RunTime:0.005178s ]
INFO: [ view_filter ] --START--
INFO: ContentReplace Behavior ::run [ RunTime:0.000181s ]
INFO: TokenBuild Behavior ::run [ RunTime:0.000198s ]
INFO: WriteHtmlCache Behavior ::run [ RunTime:0.000125s ]
INFO: ShowRuntime Behavior ::run [ RunTime:0.000227s ]
INFO: [ view_filter ] --END-- [ RunTime:0.000835s ]
INFO: [ view_end ] --START--
INFO: ShowPageTrace Behavior ::run [ RunTime:0.000335s ]
INFO: [ view_end ] --END-- [ RunTime:0.000367s ]

[ 2015-06-24T10:32:02+08:00 ] 183.62.210.102 /index.php?s=/admin/login/login.html
INFO: [ route_check ] --START--
INFO: CheckRoute Behavior ::run [ RunTime:0.000444s ]
INFO: [ route_check ] --END-- [ RunTime:0.000510s ]
INFO: [ app_begin ] --START--
INFO: ReadHtmlCache Behavior ::run [ RunTime:0.000286s ]
INFO: [ app_begin ] --END-- [ RunTime:0.000330s ]
INFO: [ view_parse ] --START--
SQL: SHOW COLUMNS FROM `easy_fields` [ RunTime:0.000595s ]
SQL: SELECT * FROM `easy_fields` WHERE ( `field` = 'title' ) LIMIT 1   [ RunTime:0.000178s ]
INFO: ParseTemplate Behavior ::run [ RunTime:0.010728s ]
INFO: [ view_parse ] --END-- [ RunTime:0.010766s ]
INFO: [ view_filter ] --START--
INFO: ContentReplace Behavior ::run [ RunTime:0.000245s ]
INFO: TokenBuild Behavior ::run [ RunTime:0.000217s ]
INFO: WriteHtmlCache Behavior ::run [ RunTime:0.000123s ]
INFO: ShowRuntime Behavior ::run [ RunTime:0.000248s ]
INFO: [ view_filter ] --END-- [ RunTime:0.000936s ]
INFO: [ view_end ] --START--
INFO: ShowPageTrace Behavior ::run [ RunTime:0.000344s ]
INFO: [ view_end ] --END-- [ RunTime:0.000380s ]

[ 2015-06-24T10:32:02+08:00 ] 183.62.210.102 /index.php?s=/admin/login/verify/
INFO: [ route_check ] --START--
INFO: CheckRoute Behavior ::run [ RunTime:0.000451s ]
INFO: [ route_check ] --END-- [ RunTime:0.000786s ]
INFO: [ app_begin ] --START--
INFO: ReadHtmlCache Behavior ::run [ RunTime:0.000286s ]
INFO: [ app_begin ] --END-- [ RunTime:0.000327s ]

