[ 2015-06-03T09:45:08+08:00 ] 121.35.75.106 /index.php?s=/admin/login/login.html
INFO: [ route_check ] --START--
INFO: CheckRoute Behavior ::run [ RunTime:0.000443s ]
INFO: [ route_check ] --END-- [ RunTime:0.000506s ]
INFO: [ app_begin ] --START--
INFO: ReadHtmlCache Behavior ::run [ RunTime:0.000281s ]
INFO: [ app_begin ] --END-- [ RunTime:0.000322s ]
INFO: [ view_parse ] --START--
SQL: SHOW COLUMNS FROM `easy_fields` [ RunTime:0.000550s ]
SQL: SELECT * FROM `easy_fields` WHERE ( `field` = 'title' ) LIMIT 1   [ RunTime:0.000195s ]
INFO: ParseTemplate Behavior ::run [ RunTime:0.010228s ]
INFO: [ view_parse ] --END-- [ RunTime:0.010264s ]
INFO: [ view_filter ] --START--
INFO: ContentReplace Behavior ::run [ RunTime:0.000206s ]
INFO: TokenBuild Behavior ::run [ RunTime:0.000242s ]
INFO: WriteHtmlCache Behavior ::run [ RunTime:0.000123s ]
INFO: ShowRuntime Behavior ::run [ RunTime:0.000248s ]
INFO: [ view_filter ] --END-- [ RunTime:0.000945s ]
INFO: [ view_end ] --START--
INFO: ShowPageTrace Behavior ::run [ RunTime:0.000350s ]
INFO: [ view_end ] --END-- [ RunTime:0.000388s ]

[ 2015-06-03T09:45:08+08:00 ] 121.35.75.106 /index.php?s=/admin/login/verify/
INFO: [ route_check ] --START--
INFO: CheckRoute Behavior ::run [ RunTime:0.000434s ]
INFO: [ route_check ] --END-- [ RunTime:0.000496s ]
INFO: [ app_begin ] --START--
INFO: ReadHtmlCache Behavior ::run [ RunTime:0.000281s ]
INFO: [ app_begin ] --END-- [ RunTime:0.000321s ]

[ 2015-06-03T09:45:15+08:00 ] 121.35.75.106 /index.php?s=/admin/login/checkLogin/
INFO: [ route_check ] --START--
INFO: CheckRoute Behavior ::run [ RunTime:0.000501s ]
INFO: [ route_check ] --END-- [ RunTime:0.000563s ]
INFO: [ app_begin ] --START--
INFO: ReadHtmlCache Behavior ::run [ RunTime:0.000286s ]
INFO: [ app_begin ] --END-- [ RunTime:0.000347s ]
SQL: SHOW COLUMNS FROM `easy_user` [ RunTime:0.000593s ]
SQL: SELECT * FROM `easy_user` WHERE ( `username` = 'admin' ) LIMIT 1   [ RunTime:0.000191s ]
SQL: UPDATE `easy_user` SET `logintime`=1433295915,`loginip`='121.35.75.106' WHERE ( `id` = 6 ) [ RunTime:0.000203s ]

[ 2015-06-03T09:45:15+08:00 ] 121.35.75.106 /index.php?s=/admin/index/index.html
INFO: [ route_check ] --START--
INFO: CheckRoute Behavior ::run [ RunTime:0.000448s ]
INFO: [ route_check ] --END-- [ RunTime:0.000496s ]
INFO: [ app_begin ] --START--
INFO: ReadHtmlCache Behavior ::run [ RunTime:0.000313s ]
INFO: [ app_begin ] --END-- [ RunTime:0.000354s ]
INFO: [ view_parse ] --START--
SQL: SHOW COLUMNS FROM `easy_fields` [ RunTime:0.001698s ]
SQL: SELECT * FROM `easy_fields` WHERE ( `field` = 'title' ) LIMIT 1   [ RunTime:0.000186s ]
INFO: ParseTemplate Behavior ::run [ RunTime:0.015683s ]
INFO: [ view_parse ] --END-- [ RunTime:0.015740s ]
INFO: [ view_filter ] --START--
INFO: ContentReplace Behavior ::run [ RunTime:0.000309s ]
INFO: TokenBuild Behavior ::run [ RunTime:0.000191s ]
INFO: WriteHtmlCache Behavior ::run [ RunTime:0.000118s ]
INFO: ShowRuntime Behavior ::run [ RunTime:0.000233s ]
INFO: [ view_filter ] --END-- [ RunTime:0.000957s ]
INFO: [ view_end ] --START--
INFO: ShowPageTrace Behavior ::run [ RunTime:0.000351s ]
INFO: [ view_end ] --END-- [ RunTime:0.000389s ]

[ 2015-06-03T09:45:17+08:00 ] 121.35.75.106 /index.php?s=/admin/rank/index.html&_=1433295921385
INFO: [ route_check ] --START--
INFO: CheckRoute Behavior ::run [ RunTime:0.000429s ]
INFO: [ route_check ] --END-- [ RunTime:0.000491s ]
INFO: [ app_begin ] --START--
INFO: ReadHtmlCache Behavior ::run [ RunTime:0.000405s ]
INFO: [ app_begin ] --END-- [ RunTime:0.000447s ]
SQL: SHOW COLUMNS FROM `easy_member_user_rank` [ RunTime:0.002555s ]
SQL: SELECT COUNT(*) AS tp_count FROM `easy_member_user_rank` LIMIT 1   [ RunTime:0.000161s ]
SQL: SELECT * FROM `easy_member_user_rank` ORDER BY rank_id desc LIMIT 0,10   [ RunTime:0.000159s ]
NOTIC: [8] Undefined variable: search /alidata/www/default/App/Modules/Admin/Action/RankAction.class.php 第 239 行.
NOTIC: [8] Undefined index: values /alidata/www/default/App/Modules/Admin/Action/RankAction.class.php 第 240 行.
INFO: [ view_parse ] --START--
NOTIC: [8] Undefined index: _order /alidata/www/default/App/Runtime/Cache/Admin/64ff2aa744bfb62d8b14dd2b1ca5cd8f.php 第 4 行.
NOTIC: [8] Undefined index: _sort /alidata/www/default/App/Runtime/Cache/Admin/64ff2aa744bfb62d8b14dd2b1ca5cd8f.php 第 5 行.
NOTIC: [8] Undefined index: keyword /alidata/www/default/App/Runtime/Cache/Admin/64ff2aa744bfb62d8b14dd2b1ca5cd8f.php 第 14 行.
INFO: ParseTemplate Behavior ::run [ RunTime:0.007775s ]
INFO: [ view_parse ] --END-- [ RunTime:0.007822s ]
INFO: [ view_filter ] --START--
INFO: ContentReplace Behavior ::run [ RunTime:0.000262s ]
INFO: TokenBuild Behavior ::run [ RunTime:0.000302s ]
INFO: WriteHtmlCache Behavior ::run [ RunTime:0.000176s ]
INFO: ShowRuntime Behavior ::run [ RunTime:0.000344s ]
INFO: [ view_filter ] --END-- [ RunTime:0.001229s ]
INFO: [ view_end ] --START--
INFO: ShowPageTrace Behavior ::run [ RunTime:0.000369s ]
INFO: [ view_end ] --END-- [ RunTime:0.000403s ]

[ 2015-06-03T09:45:21+08:00 ] 121.35.75.106 /index.php?s=/admin/rank/edit/rank_id/1&_=1433295925057
INFO: [ route_check ] --START--
INFO: CheckRoute Behavior ::run [ RunTime:0.005164s ]
INFO: [ route_check ] --END-- [ RunTime:0.005229s ]
INFO: [ app_begin ] --START--
INFO: ReadHtmlCache Behavior ::run [ RunTime:0.000288s ]
INFO: [ app_begin ] --END-- [ RunTime:0.000325s ]
SQL: SHOW COLUMNS FROM `easy_member_user_rank` [ RunTime:0.000497s ]
SQL: SELECT * FROM `easy_member_user_rank` WHERE ( `rank_id` = 1 ) LIMIT 1   [ RunTime:0.000183s ]
INFO: [ view_parse ] --START--
INFO: ParseTemplate Behavior ::run [ RunTime:0.004028s ]
INFO: [ view_parse ] --END-- [ RunTime:0.004075s ]
INFO: [ view_filter ] --START--
INFO: ContentReplace Behavior ::run [ RunTime:0.000181s ]
INFO: TokenBuild Behavior ::run [ RunTime:0.000181s ]
INFO: WriteHtmlCache Behavior ::run [ RunTime:0.000143s ]
INFO: ShowRuntime Behavior ::run [ RunTime:0.000533s ]
INFO: [ view_filter ] --END-- [ RunTime:0.001138s ]
INFO: [ view_end ] --START--
INFO: ShowPageTrace Behavior ::run [ RunTime:0.000371s ]
INFO: [ view_end ] --END-- [ RunTime:0.000404s ]

[ 2015-06-03T09:45:28+08:00 ] 121.35.75.106 /index.php?s=/admin/rank/update/navTabId/listusers/callbackType/closeCurrent
INFO: [ route_check ] --START--
INFO: CheckRoute Behavior ::run [ RunTime:0.000448s ]
INFO: [ route_check ] --END-- [ RunTime:0.000512s ]
INFO: [ app_begin ] --START--
INFO: ReadHtmlCache Behavior ::run [ RunTime:0.000283s ]
INFO: [ app_begin ] --END-- [ RunTime:0.000321s ]
SQL: SHOW COLUMNS FROM `easy_member_user_rank` [ RunTime:0.000545s ]
SQL: UPDATE `easy_member_user_rank` SET `name`='普通用户' WHERE ( `rank_id` = 1 ) [ RunTime:0.000221s ]
NOTIC: [8] Undefined index: forwardUrl /alidata/www/default/ThinkPHP/Lib/Core/Action.class.php 第 327 行.

[ 2015-06-03T09:45:30+08:00 ] 121.35.75.106 /index.php?s=/admin/rank/index
INFO: [ route_check ] --START--
INFO: CheckRoute Behavior ::run [ RunTime:0.000431s ]
INFO: [ route_check ] --END-- [ RunTime:0.000494s ]
INFO: [ app_begin ] --START--
INFO: ReadHtmlCache Behavior ::run [ RunTime:0.000383s ]
INFO: [ app_begin ] --END-- [ RunTime:0.000421s ]
SQL: SHOW COLUMNS FROM `easy_member_user_rank` [ RunTime:0.000525s ]
SQL: SELECT COUNT(*) AS tp_count FROM `easy_member_user_rank` LIMIT 1   [ RunTime:0.000128s ]
SQL: SELECT * FROM `easy_member_user_rank` ORDER BY rank_id desc LIMIT 0,10   [ RunTime:0.000156s ]
NOTIC: [8] Undefined variable: search /alidata/www/default/App/Modules/Admin/Action/RankAction.class.php 第 239 行.
NOTIC: [8] Undefined index: values /alidata/www/default/App/Modules/Admin/Action/RankAction.class.php 第 240 行.
INFO: [ view_parse ] --START--
INFO: ParseTemplate Behavior ::run [ RunTime:0.006044s ]
INFO: [ view_parse ] --END-- [ RunTime:0.006084s ]
INFO: [ view_filter ] --START--
INFO: ContentReplace Behavior ::run [ RunTime:0.000194s ]
INFO: TokenBuild Behavior ::run [ RunTime:0.000182s ]
INFO: WriteHtmlCache Behavior ::run [ RunTime:0.000117s ]
INFO: ShowRuntime Behavior ::run [ RunTime:0.000229s ]
INFO: [ view_filter ] --END-- [ RunTime:0.000819s ]
INFO: [ view_end ] --START--
INFO: ShowPageTrace Behavior ::run [ RunTime:0.000354s ]
INFO: [ view_end ] --END-- [ RunTime:0.000386s ]

[ 2015-06-03T19:03:27+08:00 ] 116.76.105.18 /index.php?s=/admin/index/index.html
INFO: [ route_check ] --START--
INFO: CheckRoute Behavior ::run [ RunTime:0.000423s ]
INFO: [ route_check ] --END-- [ RunTime:0.000485s ]
INFO: [ app_begin ] --START--
INFO: ReadHtmlCache Behavior ::run [ RunTime:0.000278s ]
INFO: [ app_begin ] --END-- [ RunTime:0.000318s ]
INFO: [ view_parse ] --START--
SQL: SHOW COLUMNS FROM `easy_fields` [ RunTime:0.000570s ]
SQL: SELECT * FROM `easy_fields` WHERE ( `field` = 'title' ) LIMIT 1   [ RunTime:0.000178s ]
INFO: ParseTemplate Behavior ::run [ RunTime:0.013889s ]
INFO: [ view_parse ] --END-- [ RunTime:0.013931s ]
INFO: [ view_filter ] --START--
INFO: ContentReplace Behavior ::run [ RunTime:0.000240s ]
INFO: TokenBuild Behavior ::run [ RunTime:0.000186s ]
INFO: WriteHtmlCache Behavior ::run [ RunTime:0.000148s ]
INFO: ShowRuntime Behavior ::run [ RunTime:0.000247s ]
INFO: [ view_filter ] --END-- [ RunTime:0.000928s ]
INFO: [ view_end ] --START--
INFO: ShowPageTrace Behavior ::run [ RunTime:0.000322s ]
INFO: [ view_end ] --END-- [ RunTime:0.000359s ]

