[ 2015-06-08T17:15:56+08:00 ] 113.118.75.156 /index.php
INFO: [ app_begin ] --START--
INFO: ReadHtmlCache Behavior ::run [ RunTime:0.000293s ]
INFO: [ app_begin ] --END-- [ RunTime:0.000355s ]
SQL: SHOW COLUMNS FROM `easy_category` [ RunTime:0.000656s ]
SQL: SELECT * FROM `easy_category` WHERE ( isverify=1 and isshow=1 ) ORDER BY sort desc  [ RunTime:0.000241s ]
SQL: SHOW COLUMNS FROM `easy_member_user_rank` [ RunTime:0.000331s ]
SQL: SELECT `rank_id`,`name` FROM `easy_member_user_rank` ORDER BY rank_id asc  [ RunTime:0.000157s ]
SQL: SHOW COLUMNS FROM `easy_member_user` [ RunTime:0.000448s ]
NOTIC: [8] Undefined index: user_id /alidata/www/default/App/Modules/Index/Action/CommonAction.class.php 第 22 行.
SQL: SELECT * FROM `easy_member_user` LIMIT 1   [ RunTime:0.000144s ]
SQL: SHOW COLUMNS FROM `easy_category` [ RunTime:0.000505s ]
SQL: SHOW COLUMNS FROM `easy_link` [ RunTime:0.000360s ]
SQL: SELECT * FROM `easy_category` WHERE ( ispush=1 and isverify=1 ) LIMIT 6   [ RunTime:0.000174s ]
SQL: SHOW COLUMNS FROM `easy_article` [ RunTime:0.000534s ]
SQL: SELECT * FROM `easy_article` WHERE ( 1=1 AND tid='62' )  [ RunTime:0.000199s ]
SQL: SELECT * FROM `easy_article` WHERE ( 1=1 AND tid='63' )  [ RunTime:0.000195s ]
SQL: SELECT * FROM `easy_article` WHERE ( 1=1 AND tid='64' )  [ RunTime:0.000179s ]
SQL: SELECT * FROM `easy_article` WHERE ( 1=1 AND tid='65' )  [ RunTime:0.000171s ]
SQL: SELECT * FROM `easy_article` WHERE ( 1=1 AND tid='71' )  [ RunTime:0.000190s ]
SQL: SELECT * FROM `easy_article` WHERE ( 1=1 AND tid='72' )  [ RunTime:0.000201s ]
SQL: SELECT * FROM `easy_link` WHERE ( isverify=1 )  [ RunTime:0.000362s ]
INFO: [ view_parse ] --START--
NOTIC: [8] Undefined offset: 1 /alidata/www/default/ThinkPHP/Lib/Driver/TagLib/TagLibCx.class.php 第 524 行.
NOTIC: [8] Undefined offset: 1 /alidata/www/default/ThinkPHP/Lib/Driver/TagLib/TagLibCx.class.php 第 524 行.
NOTIC: [8] Undefined offset: 1 /alidata/www/default/ThinkPHP/Lib/Driver/TagLib/TagLibCx.class.php 第 524 行.
NOTIC: [8] Undefined offset: 1 /alidata/www/default/ThinkPHP/Lib/Driver/TagLib/TagLibCx.class.php 第 524 行.
NOTIC: [8] Undefined offset: 1 /alidata/www/default/ThinkPHP/Lib/Driver/TagLib/TagLibCx.class.php 第 524 行.
NOTIC: [8] Undefined index: user_id /alidata/www/default/App/Runtime/Cache/Index/35df0d61bb9b2cf03f64104eb4a2e1e8.php 第 20 行.
INFO: ParseTemplate Behavior ::run [ RunTime:0.008924s ]
INFO: [ view_parse ] --END-- [ RunTime:0.008978s ]
INFO: [ view_filter ] --START--
INFO: ContentReplace Behavior ::run [ RunTime:0.000200s ]
INFO: TokenBuild Behavior ::run [ RunTime:0.000183s ]
INFO: WriteHtmlCache Behavior ::run [ RunTime:0.000118s ]
INFO: ShowRuntime Behavior ::run [ RunTime:0.000261s ]
INFO: [ view_filter ] --END-- [ RunTime:0.000867s ]
INFO: [ view_end ] --START--
INFO: ShowPageTrace Behavior ::run [ RunTime:0.000352s ]
INFO: [ view_end ] --END-- [ RunTime:0.000389s ]

[ 2015-06-08T17:15:58+08:00 ] 113.118.75.156 /index.php?s=/index/login/checkreg.html
INFO: [ route_check ] --START--
INFO: CheckRoute Behavior ::run [ RunTime:0.000433s ]
INFO: [ route_check ] --END-- [ RunTime:0.000495s ]
INFO: [ app_begin ] --START--
INFO: ReadHtmlCache Behavior ::run [ RunTime:0.000278s ]
INFO: [ app_begin ] --END-- [ RunTime:0.000319s ]
INFO: [ view_parse ] --START--
NOTIC: [8] Undefined offset: 1 /alidata/www/default/ThinkPHP/Lib/Driver/TagLib/TagLibCx.class.php 第 524 行.
NOTIC: [8] Undefined offset: 1 /alidata/www/default/ThinkPHP/Lib/Driver/TagLib/TagLibCx.class.php 第 524 行.
NOTIC: [8] Undefined offset: 1 /alidata/www/default/ThinkPHP/Lib/Driver/TagLib/TagLibCx.class.php 第 524 行.
NOTIC: [8] Undefined offset: 1 /alidata/www/default/ThinkPHP/Lib/Driver/TagLib/TagLibCx.class.php 第 524 行.
NOTIC: [8] Undefined offset: 1 /alidata/www/default/ThinkPHP/Lib/Driver/TagLib/TagLibCx.class.php 第 524 行.
INFO: ParseTemplate Behavior ::run [ RunTime:0.005144s ]
INFO: [ view_parse ] --END-- [ RunTime:0.005187s ]
INFO: [ view_filter ] --START--
INFO: ContentReplace Behavior ::run [ RunTime:0.000192s ]
INFO: TokenBuild Behavior ::run [ RunTime:0.000181s ]
INFO: WriteHtmlCache Behavior ::run [ RunTime:0.000124s ]
INFO: ShowRuntime Behavior ::run [ RunTime:0.000236s ]
INFO: [ view_filter ] --END-- [ RunTime:0.000841s ]
INFO: [ view_end ] --START--
INFO: ShowPageTrace Behavior ::run [ RunTime:0.000334s ]
INFO: [ view_end ] --END-- [ RunTime:0.000373s ]

[ 2015-06-08T17:15:58+08:00 ] 113.118.75.156 /index.php?s=/login/verify.html
INFO: [ route_check ] --START--
INFO: CheckRoute Behavior ::run [ RunTime:0.000435s ]
INFO: [ route_check ] --END-- [ RunTime:0.000501s ]
INFO: [ app_begin ] --START--
INFO: ReadHtmlCache Behavior ::run [ RunTime:0.000281s ]
INFO: [ app_begin ] --END-- [ RunTime:0.000320s ]

[ 2015-06-08T17:49:47+08:00 ] 113.118.75.156 /index.php?s=/admin/login/login.html
INFO: [ route_check ] --START--
INFO: CheckRoute Behavior ::run [ RunTime:0.000482s ]
INFO: [ route_check ] --END-- [ RunTime:0.000543s ]
INFO: [ app_begin ] --START--
INFO: ReadHtmlCache Behavior ::run [ RunTime:0.000282s ]
INFO: [ app_begin ] --END-- [ RunTime:0.000322s ]
INFO: [ view_parse ] --START--
SQL: SHOW COLUMNS FROM `easy_fields` [ RunTime:0.000566s ]
SQL: SELECT * FROM `easy_fields` WHERE ( `field` = 'title' ) LIMIT 1   [ RunTime:0.000182s ]
INFO: ParseTemplate Behavior ::run [ RunTime:0.010163s ]
INFO: [ view_parse ] --END-- [ RunTime:0.010200s ]
INFO: [ view_filter ] --START--
INFO: ContentReplace Behavior ::run [ RunTime:0.000227s ]
INFO: TokenBuild Behavior ::run [ RunTime:0.000190s ]
INFO: WriteHtmlCache Behavior ::run [ RunTime:0.000142s ]
INFO: ShowRuntime Behavior ::run [ RunTime:0.000236s ]
INFO: [ view_filter ] --END-- [ RunTime:0.000910s ]
INFO: [ view_end ] --START--
INFO: ShowPageTrace Behavior ::run [ RunTime:0.000351s ]
INFO: [ view_end ] --END-- [ RunTime:0.000386s ]

[ 2015-06-08T17:49:47+08:00 ] 113.118.75.156 /index.php?s=/admin/login/verify/
INFO: [ route_check ] --START--
INFO: CheckRoute Behavior ::run [ RunTime:0.000424s ]
INFO: [ route_check ] --END-- [ RunTime:0.000487s ]
INFO: [ app_begin ] --START--
INFO: ReadHtmlCache Behavior ::run [ RunTime:0.000281s ]
INFO: [ app_begin ] --END-- [ RunTime:0.000323s ]

[ 2015-06-08T17:49:51+08:00 ] 113.118.75.156 /index.php?s=/index/login/login.html
INFO: [ route_check ] --START--
INFO: CheckRoute Behavior ::run [ RunTime:0.000449s ]
INFO: [ route_check ] --END-- [ RunTime:0.000511s ]
INFO: [ app_begin ] --START--
INFO: ReadHtmlCache Behavior ::run [ RunTime:0.000279s ]
INFO: [ app_begin ] --END-- [ RunTime:0.000319s ]

[ 2015-06-08T17:49:51+08:00 ] 113.118.75.156 /index.php?s=/index/index/index.html
INFO: [ route_check ] --START--
INFO: CheckRoute Behavior ::run [ RunTime:0.000435s ]
INFO: [ route_check ] --END-- [ RunTime:0.000501s ]
INFO: [ app_begin ] --START--
INFO: ReadHtmlCache Behavior ::run [ RunTime:0.000298s ]
INFO: [ app_begin ] --END-- [ RunTime:0.000339s ]
SQL: SHOW COLUMNS FROM `easy_category` [ RunTime:0.000668s ]
SQL: SELECT * FROM `easy_category` WHERE ( isverify=1 and isshow=1 ) ORDER BY sort desc  [ RunTime:0.000251s ]
SQL: SHOW COLUMNS FROM `easy_member_user_rank` [ RunTime:0.000340s ]
SQL: SELECT `rank_id`,`name` FROM `easy_member_user_rank` ORDER BY rank_id asc  [ RunTime:0.000135s ]
SQL: SHOW COLUMNS FROM `easy_member_user` [ RunTime:0.000417s ]
NOTIC: [8] Undefined index: user_id /alidata/www/default/App/Modules/Index/Action/CommonAction.class.php 第 22 行.
SQL: SELECT * FROM `easy_member_user` LIMIT 1   [ RunTime:0.000140s ]
SQL: SHOW COLUMNS FROM `easy_category` [ RunTime:0.000435s ]
SQL: SHOW COLUMNS FROM `easy_link` [ RunTime:0.000351s ]
SQL: SELECT * FROM `easy_category` WHERE ( ispush=1 and isverify=1 ) LIMIT 6   [ RunTime:0.000159s ]
SQL: SHOW COLUMNS FROM `easy_article` [ RunTime:0.000524s ]
SQL: SELECT * FROM `easy_article` WHERE ( 1=1 AND tid='62' )  [ RunTime:0.000195s ]
SQL: SELECT * FROM `easy_article` WHERE ( 1=1 AND tid='63' )  [ RunTime:0.000194s ]
SQL: SELECT * FROM `easy_article` WHERE ( 1=1 AND tid='64' )  [ RunTime:0.000173s ]
SQL: SELECT * FROM `easy_article` WHERE ( 1=1 AND tid='65' )  [ RunTime:0.000171s ]
SQL: SELECT * FROM `easy_article` WHERE ( 1=1 AND tid='71' )  [ RunTime:0.000195s ]
SQL: SELECT * FROM `easy_article` WHERE ( 1=1 AND tid='72' )  [ RunTime:0.000173s ]
SQL: SELECT * FROM `easy_link` WHERE ( isverify=1 )  [ RunTime:0.000143s ]
INFO: [ view_parse ] --START--
NOTIC: [8] Undefined offset: 1 /alidata/www/default/ThinkPHP/Lib/Driver/TagLib/TagLibCx.class.php 第 524 行.
NOTIC: [8] Undefined offset: 1 /alidata/www/default/ThinkPHP/Lib/Driver/TagLib/TagLibCx.class.php 第 524 行.
NOTIC: [8] Undefined offset: 1 /alidata/www/default/ThinkPHP/Lib/Driver/TagLib/TagLibCx.class.php 第 524 行.
NOTIC: [8] Undefined offset: 1 /alidata/www/default/ThinkPHP/Lib/Driver/TagLib/TagLibCx.class.php 第 524 行.
NOTIC: [8] Undefined offset: 1 /alidata/www/default/ThinkPHP/Lib/Driver/TagLib/TagLibCx.class.php 第 524 行.
NOTIC: [8] Undefined index: user_id /alidata/www/default/App/Runtime/Cache/Index/35df0d61bb9b2cf03f64104eb4a2e1e8.php 第 20 行.
INFO: ParseTemplate Behavior ::run [ RunTime:0.008015s ]
INFO: [ view_parse ] --END-- [ RunTime:0.008060s ]
INFO: [ view_filter ] --START--
INFO: ContentReplace Behavior ::run [ RunTime:0.000217s ]
INFO: TokenBuild Behavior ::run [ RunTime:0.000182s ]
INFO: WriteHtmlCache Behavior ::run [ RunTime:0.000116s ]
INFO: ShowRuntime Behavior ::run [ RunTime:0.000223s ]
INFO: [ view_filter ] --END-- [ RunTime:0.000839s ]
INFO: [ view_end ] --START--
INFO: ShowPageTrace Behavior ::run [ RunTime:0.000343s ]
INFO: [ view_end ] --END-- [ RunTime:0.000380s ]

[ 2015-06-08T17:49:54+08:00 ] 113.118.75.156 /index.php?s=/index/login/checkreg.html
INFO: [ route_check ] --START--
INFO: CheckRoute Behavior ::run [ RunTime:0.000460s ]
INFO: [ route_check ] --END-- [ RunTime:0.000521s ]
INFO: [ app_begin ] --START--
INFO: ReadHtmlCache Behavior ::run [ RunTime:0.000278s ]
INFO: [ app_begin ] --END-- [ RunTime:0.000317s ]
INFO: [ view_parse ] --START--
NOTIC: [8] Undefined offset: 1 /alidata/www/default/ThinkPHP/Lib/Driver/TagLib/TagLibCx.class.php 第 524 行.
NOTIC: [8] Undefined offset: 1 /alidata/www/default/ThinkPHP/Lib/Driver/TagLib/TagLibCx.class.php 第 524 行.
NOTIC: [8] Undefined offset: 1 /alidata/www/default/ThinkPHP/Lib/Driver/TagLib/TagLibCx.class.php 第 524 行.
NOTIC: [8] Undefined offset: 1 /alidata/www/default/ThinkPHP/Lib/Driver/TagLib/TagLibCx.class.php 第 524 行.
NOTIC: [8] Undefined offset: 1 /alidata/www/default/ThinkPHP/Lib/Driver/TagLib/TagLibCx.class.php 第 524 行.
INFO: ParseTemplate Behavior ::run [ RunTime:0.005076s ]
INFO: [ view_parse ] --END-- [ RunTime:0.005116s ]
INFO: [ view_filter ] --START--
INFO: ContentReplace Behavior ::run [ RunTime:0.000191s ]
INFO: TokenBuild Behavior ::run [ RunTime:0.000212s ]
INFO: WriteHtmlCache Behavior ::run [ RunTime:0.000157s ]
INFO: ShowRuntime Behavior ::run [ RunTime:0.000225s ]
INFO: [ view_filter ] --END-- [ RunTime:0.000892s ]
INFO: [ view_end ] --START--
INFO: ShowPageTrace Behavior ::run [ RunTime:0.000320s ]
INFO: [ view_end ] --END-- [ RunTime:0.000354s ]

[ 2015-06-08T17:49:54+08:00 ] 113.118.75.156 /index.php?s=/login/verify.html
INFO: [ route_check ] --START--
INFO: CheckRoute Behavior ::run [ RunTime:0.000465s ]
INFO: [ route_check ] --END-- [ RunTime:0.000520s ]
INFO: [ app_begin ] --START--
INFO: ReadHtmlCache Behavior ::run [ RunTime:0.000276s ]
INFO: [ app_begin ] --END-- [ RunTime:0.000316s ]

[ 2015-06-08T17:49:59+08:00 ] 113.118.75.156 /index.php?s=/login/agreement.html
INFO: [ route_check ] --START--
INFO: CheckRoute Behavior ::run [ RunTime:0.000427s ]
INFO: [ route_check ] --END-- [ RunTime:0.000488s ]
INFO: [ app_begin ] --START--
INFO: ReadHtmlCache Behavior ::run [ RunTime:0.000300s ]
INFO: [ app_begin ] --END-- [ RunTime:0.000341s ]

[ 2015-06-08T17:49:59+08:00 ] 113.118.75.156 /index.php?s=/index/index/index.html
INFO: [ route_check ] --START--
INFO: CheckRoute Behavior ::run [ RunTime:0.000470s ]
INFO: [ route_check ] --END-- [ RunTime:0.000520s ]
INFO: [ app_begin ] --START--
INFO: ReadHtmlCache Behavior ::run [ RunTime:0.000274s ]
INFO: [ app_begin ] --END-- [ RunTime:0.000321s ]
SQL: SHOW COLUMNS FROM `easy_category` [ RunTime:0.000641s ]
SQL: SELECT * FROM `easy_category` WHERE ( isverify=1 and isshow=1 ) ORDER BY sort desc  [ RunTime:0.000255s ]
SQL: SHOW COLUMNS FROM `easy_member_user_rank` [ RunTime:0.000310s ]
SQL: SELECT `rank_id`,`name` FROM `easy_member_user_rank` ORDER BY rank_id asc  [ RunTime:0.000133s ]
SQL: SHOW COLUMNS FROM `easy_member_user` [ RunTime:0.000437s ]
NOTIC: [8] Undefined index: user_id /alidata/www/default/App/Modules/Index/Action/CommonAction.class.php 第 22 行.
SQL: SELECT * FROM `easy_member_user` LIMIT 1   [ RunTime:0.000139s ]
SQL: SHOW COLUMNS FROM `easy_category` [ RunTime:0.000455s ]
SQL: SHOW COLUMNS FROM `easy_link` [ RunTime:0.000330s ]
SQL: SELECT * FROM `easy_category` WHERE ( ispush=1 and isverify=1 ) LIMIT 6   [ RunTime:0.000180s ]
SQL: SHOW COLUMNS FROM `easy_article` [ RunTime:0.000502s ]
SQL: SELECT * FROM `easy_article` WHERE ( 1=1 AND tid='62' )  [ RunTime:0.000204s ]
SQL: SELECT * FROM `easy_article` WHERE ( 1=1 AND tid='63' )  [ RunTime:0.000171s ]
SQL: SELECT * FROM `easy_article` WHERE ( 1=1 AND tid='64' )  [ RunTime:0.000174s ]
SQL: SELECT * FROM `easy_article` WHERE ( 1=1 AND tid='65' )  [ RunTime:0.000204s ]
SQL: SELECT * FROM `easy_article` WHERE ( 1=1 AND tid='71' )  [ RunTime:0.000179s ]
SQL: SELECT * FROM `easy_article` WHERE ( 1=1 AND tid='72' )  [ RunTime:0.000193s ]
SQL: SELECT * FROM `easy_link` WHERE ( isverify=1 )  [ RunTime:0.000148s ]
INFO: [ view_parse ] --START--
NOTIC: [8] Undefined offset: 1 /alidata/www/default/ThinkPHP/Lib/Driver/TagLib/TagLibCx.class.php 第 524 行.
NOTIC: [8] Undefined offset: 1 /alidata/www/default/ThinkPHP/Lib/Driver/TagLib/TagLibCx.class.php 第 524 行.
NOTIC: [8] Undefined offset: 1 /alidata/www/default/ThinkPHP/Lib/Driver/TagLib/TagLibCx.class.php 第 524 行.
NOTIC: [8] Undefined offset: 1 /alidata/www/default/ThinkPHP/Lib/Driver/TagLib/TagLibCx.class.php 第 524 行.
NOTIC: [8] Undefined offset: 1 /alidata/www/default/ThinkPHP/Lib/Driver/TagLib/TagLibCx.class.php 第 524 行.
NOTIC: [8] Undefined index: user_id /alidata/www/default/App/Runtime/Cache/Index/35df0d61bb9b2cf03f64104eb4a2e1e8.php 第 20 行.
INFO: ParseTemplate Behavior ::run [ RunTime:0.008578s ]
INFO: [ view_parse ] --END-- [ RunTime:0.008626s ]
INFO: [ view_filter ] --START--
INFO: ContentReplace Behavior ::run [ RunTime:0.000221s ]
INFO: TokenBuild Behavior ::run [ RunTime:0.000182s ]
INFO: WriteHtmlCache Behavior ::run [ RunTime:0.000115s ]
INFO: ShowRuntime Behavior ::run [ RunTime:0.000217s ]
INFO: [ view_filter ] --END-- [ RunTime:0.000837s ]
INFO: [ view_end ] --START--
INFO: ShowPageTrace Behavior ::run [ RunTime:0.000359s ]
INFO: [ view_end ] --END-- [ RunTime:0.000398s ]

[ 2015-06-08T18:36:24+08:00 ] 183.60.70.29 /index.php
INFO: [ app_begin ] --START--
INFO: ReadHtmlCache Behavior ::run [ RunTime:0.000312s ]
INFO: [ app_begin ] --END-- [ RunTime:0.000371s ]
SQL: SHOW COLUMNS FROM `easy_category` [ RunTime:0.001243s ]
SQL: SELECT * FROM `easy_category` WHERE ( isverify=1 and isshow=1 ) ORDER BY sort desc  [ RunTime:0.000266s ]
SQL: SHOW COLUMNS FROM `easy_member_user_rank` [ RunTime:0.000315s ]
SQL: SELECT `rank_id`,`name` FROM `easy_member_user_rank` ORDER BY rank_id asc  [ RunTime:0.000136s ]
SQL: SHOW COLUMNS FROM `easy_member_user` [ RunTime:0.000420s ]
NOTIC: [8] Undefined index: user_id /alidata/www/default/App/Modules/Index/Action/CommonAction.class.php 第 22 行.
SQL: SELECT * FROM `easy_member_user` LIMIT 1   [ RunTime:0.000146s ]
SQL: SHOW COLUMNS FROM `easy_category` [ RunTime:0.000431s ]
SQL: SHOW COLUMNS FROM `easy_link` [ RunTime:0.000369s ]
SQL: SELECT * FROM `easy_category` WHERE ( ispush=1 and isverify=1 ) LIMIT 6   [ RunTime:0.000162s ]
SQL: SHOW COLUMNS FROM `easy_article` [ RunTime:0.000519s ]
SQL: SELECT * FROM `easy_article` WHERE ( 1=1 AND tid='62' )  [ RunTime:0.000201s ]
SQL: SELECT * FROM `easy_article` WHERE ( 1=1 AND tid='63' )  [ RunTime:0.000177s ]
SQL: SELECT * FROM `easy_article` WHERE ( 1=1 AND tid='64' )  [ RunTime:0.000175s ]
SQL: SELECT * FROM `easy_article` WHERE ( 1=1 AND tid='65' )  [ RunTime:0.000176s ]
SQL: SELECT * FROM `easy_article` WHERE ( 1=1 AND tid='71' )  [ RunTime:0.000170s ]
SQL: SELECT * FROM `easy_article` WHERE ( 1=1 AND tid='72' )  [ RunTime:0.000187s ]
SQL: SELECT * FROM `easy_link` WHERE ( isverify=1 )  [ RunTime:0.000146s ]
INFO: [ view_parse ] --START--
SQL: SHOW COLUMNS FROM `easy_fields` [ RunTime:0.000366s ]
SQL: SELECT * FROM `easy_fields` WHERE ( `field` = 'title' ) LIMIT 1   [ RunTime:0.000173s ]
SQL: SELECT * FROM `easy_fields` WHERE ( `field` = 'description' ) LIMIT 1   [ RunTime:0.000135s ]
SQL: SELECT * FROM `easy_fields` WHERE ( `field` = 'title' ) LIMIT 1   [ RunTime:0.000134s ]
NOTIC: [8] Undefined index: catsid /alidata/www/default/App/Runtime/Cache/Index/e2c3fa17b4e5bc628cade56c6117791d.php 第 26 行.
NOTIC: [8] Undefined variable: article /alidata/www/default/App/Runtime/Cache/Index/e2c3fa17b4e5bc628cade56c6117791d.php 第 26 行.
NOTIC: [8] Undefined index: catsid /alidata/www/default/App/Runtime/Cache/Index/e2c3fa17b4e5bc628cade56c6117791d.php 第 27 行.
NOTIC: [8] Undefined variable: article /alidata/www/default/App/Runtime/Cache/Index/e2c3fa17b4e5bc628cade56c6117791d.php 第 27 行.
NOTIC: [8] Undefined index: catsid /alidata/www/default/App/Runtime/Cache/Index/e2c3fa17b4e5bc628cade56c6117791d.php 第 27 行.
NOTIC: [8] Undefined variable: article /alidata/www/default/App/Runtime/Cache/Index/e2c3fa17b4e5bc628cade56c6117791d.php 第 27 行.
NOTIC: [8] Undefined index: catsid /alidata/www/default/App/Runtime/Cache/Index/e2c3fa17b4e5bc628cade56c6117791d.php 第 27 行.
NOTIC: [8] Undefined variable: article /alidata/www/default/App/Runtime/Cache/Index/e2c3fa17b4e5bc628cade56c6117791d.php 第 27 行.
NOTIC: [8] Undefined index: catsid /alidata/www/default/App/Runtime/Cache/Index/e2c3fa17b4e5bc628cade56c6117791d.php 第 27 行.
NOTIC: [8] Undefined variable: article /alidata/www/default/App/Runtime/Cache/Index/e2c3fa17b4e5bc628cade56c6117791d.php 第 27 行.
NOTIC: [8] Undefined index: catsid /alidata/www/default/App/Runtime/Cache/Index/e2c3fa17b4e5bc628cade56c6117791d.php 第 27 行.
NOTIC: [8] Undefined variable: article /alidata/www/default/App/Runtime/Cache/Index/e2c3fa17b4e5bc628cade56c6117791d.php 第 27 行.
NOTIC: [8] Undefined index: catsid /alidata/www/default/App/Runtime/Cache/Index/e2c3fa17b4e5bc628cade56c6117791d.php 第 27 行.
NOTIC: [8] Undefined variable: article /alidata/www/default/App/Runtime/Cache/Index/e2c3fa17b4e5bc628cade56c6117791d.php 第 27 行.
NOTIC: [8] Undefined variable: modelid1 /alidata/www/default/App/Runtime/Cache/Index/e2c3fa17b4e5bc628cade56c6117791d.php 第 62 行.
NOTIC: [8] Undefined variable: modelid1 /alidata/www/default/App/Runtime/Cache/Index/e2c3fa17b4e5bc628cade56c6117791d.php 第 66 行.
SQL: SELECT * FROM `easy_fields` WHERE ( `field` = 'title' ) LIMIT 1   [ RunTime:0.000138s ]
SQL: SELECT * FROM `easy_fields` WHERE ( `field` = 'title' ) LIMIT 1   [ RunTime:0.000135s ]
SQL: SELECT * FROM `easy_fields` WHERE ( `field` = 'description' ) LIMIT 1   [ RunTime:0.000163s ]
NOTIC: [8] Undefined variable: modelid1 /alidata/www/default/App/Runtime/Cache/Index/e2c3fa17b4e5bc628cade56c6117791d.php 第 79 行.
SQL: SELECT * FROM `easy_fields` WHERE ( `field` = 'announcement' ) LIMIT 1   [ RunTime:0.000136s ]
NOTIC: [8] Undefined variable: approval /alidata/www/default/App/Runtime/Cache/Index/e2c3fa17b4e5bc628cade56c6117791d.php 第 141 行.
NOTIC: [8] Undefined variable: approval2 /alidata/www/default/App/Runtime/Cache/Index/e2c3fa17b4e5bc628cade56c6117791d.php 第 158 行.
NOTIC: [8] Undefined variable: approval3 /alidata/www/default/App/Runtime/Cache/Index/e2c3fa17b4e5bc628cade56c6117791d.php 第 175 行.
NOTIC: [8] Undefined variable: portrait /alidata/www/default/App/Runtime/Cache/Index/e2c3fa17b4e5bc628cade56c6117791d.php 第 189 行.
SQL: SELECT * FROM `easy_fields` WHERE ( `field` = 'ad' ) LIMIT 1   [ RunTime:0.000139s ]
SQL: SELECT * FROM `easy_fields` WHERE ( `field` = 'copyright' ) LIMIT 1   [ RunTime:0.000134s ]
SQL: SELECT * FROM `easy_fields` WHERE ( `field` = 'title' ) LIMIT 1   [ RunTime:0.000132s ]
INFO: ParseTemplate Behavior ::run [ RunTime:0.021041s ]
INFO: [ view_parse ] --END-- [ RunTime:0.021078s ]
INFO: [ view_filter ] --START--
INFO: ContentReplace Behavior ::run [ RunTime:0.000252s ]
INFO: TokenBuild Behavior ::run [ RunTime:0.000222s ]
INFO: WriteHtmlCache Behavior ::run [ RunTime:0.000119s ]
INFO: ShowRuntime Behavior ::run [ RunTime:0.000239s ]
INFO: [ view_filter ] --END-- [ RunTime:0.000940s ]
INFO: [ view_end ] --START--
INFO: ShowPageTrace Behavior ::run [ RunTime:0.000359s ]
INFO: [ view_end ] --END-- [ RunTime:0.000402s ]

[ 2015-06-08T18:36:25+08:00 ] 117.136.40.244 /index.php
INFO: [ app_begin ] --START--
INFO: ReadHtmlCache Behavior ::run [ RunTime:0.000281s ]
INFO: [ app_begin ] --END-- [ RunTime:0.000329s ]
SQL: SHOW COLUMNS FROM `easy_category` [ RunTime:0.000538s ]
SQL: SELECT * FROM `easy_category` WHERE ( isverify=1 and isshow=1 ) ORDER BY sort desc  [ RunTime:0.000205s ]
SQL: SHOW COLUMNS FROM `easy_member_user_rank` [ RunTime:0.000337s ]
SQL: SELECT `rank_id`,`name` FROM `easy_member_user_rank` ORDER BY rank_id asc  [ RunTime:0.000135s ]
SQL: SHOW COLUMNS FROM `easy_member_user` [ RunTime:0.000453s ]
NOTIC: [8] Undefined index: user_id /alidata/www/default/App/Modules/Index/Action/CommonAction.class.php 第 22 行.
SQL: SELECT * FROM `easy_member_user` LIMIT 1   [ RunTime:0.000146s ]
SQL: SHOW COLUMNS FROM `easy_category` [ RunTime:0.000412s ]
SQL: SHOW COLUMNS FROM `easy_link` [ RunTime:0.000331s ]
SQL: SELECT * FROM `easy_category` WHERE ( ispush=1 and isverify=1 ) LIMIT 6   [ RunTime:0.000159s ]
SQL: SHOW COLUMNS FROM `easy_article` [ RunTime:0.000504s ]
SQL: SELECT * FROM `easy_article` WHERE ( 1=1 AND tid='62' )  [ RunTime:0.000190s ]
SQL: SELECT * FROM `easy_article` WHERE ( 1=1 AND tid='63' )  [ RunTime:0.000193s ]
SQL: SELECT * FROM `easy_article` WHERE ( 1=1 AND tid='64' )  [ RunTime:0.000173s ]
SQL: SELECT * FROM `easy_article` WHERE ( 1=1 AND tid='65' )  [ RunTime:0.000217s ]
SQL: SELECT * FROM `easy_article` WHERE ( 1=1 AND tid='71' )  [ RunTime:0.000379s ]
SQL: SELECT * FROM `easy_article` WHERE ( 1=1 AND tid='72' )  [ RunTime:0.000176s ]
SQL: SELECT * FROM `easy_link` WHERE ( isverify=1 )  [ RunTime:0.000198s ]
INFO: [ view_parse ] --START--
SQL: SHOW COLUMNS FROM `easy_fields` [ RunTime:0.000450s ]
SQL: SELECT * FROM `easy_fields` WHERE ( `field` = 'title' ) LIMIT 1   [ RunTime:0.000164s ]
SQL: SELECT * FROM `easy_fields` WHERE ( `field` = 'description' ) LIMIT 1   [ RunTime:0.000170s ]
SQL: SELECT * FROM `easy_fields` WHERE ( `field` = 'title' ) LIMIT 1   [ RunTime:0.000136s ]
NOTIC: [8] Undefined index: catsid /alidata/www/default/App/Runtime/Cache/Index/e2c3fa17b4e5bc628cade56c6117791d.php 第 26 行.
NOTIC: [8] Undefined variable: article /alidata/www/default/App/Runtime/Cache/Index/e2c3fa17b4e5bc628cade56c6117791d.php 第 26 行.
NOTIC: [8] Undefined index: catsid /alidata/www/default/App/Runtime/Cache/Index/e2c3fa17b4e5bc628cade56c6117791d.php 第 27 行.
NOTIC: [8] Undefined variable: article /alidata/www/default/App/Runtime/Cache/Index/e2c3fa17b4e5bc628cade56c6117791d.php 第 27 行.
NOTIC: [8] Undefined index: catsid /alidata/www/default/App/Runtime/Cache/Index/e2c3fa17b4e5bc628cade56c6117791d.php 第 27 行.
NOTIC: [8] Undefined variable: article /alidata/www/default/App/Runtime/Cache/Index/e2c3fa17b4e5bc628cade56c6117791d.php 第 27 行.
NOTIC: [8] Undefined index: catsid /alidata/www/default/App/Runtime/Cache/Index/e2c3fa17b4e5bc628cade56c6117791d.php 第 27 行.
NOTIC: [8] Undefined variable: article /alidata/www/default/App/Runtime/Cache/Index/e2c3fa17b4e5bc628cade56c6117791d.php 第 27 行.
NOTIC: [8] Undefined index: catsid /alidata/www/default/App/Runtime/Cache/Index/e2c3fa17b4e5bc628cade56c6117791d.php 第 27 行.
NOTIC: [8] Undefined variable: article /alidata/www/default/App/Runtime/Cache/Index/e2c3fa17b4e5bc628cade56c6117791d.php 第 27 行.
NOTIC: [8] Undefined index: catsid /alidata/www/default/App/Runtime/Cache/Index/e2c3fa17b4e5bc628cade56c6117791d.php 第 27 行.
NOTIC: [8] Undefined variable: article /alidata/www/default/App/Runtime/Cache/Index/e2c3fa17b4e5bc628cade56c6117791d.php 第 27 行.
NOTIC: [8] Undefined index: catsid /alidata/www/default/App/Runtime/Cache/Index/e2c3fa17b4e5bc628cade56c6117791d.php 第 27 行.
NOTIC: [8] Undefined variable: article /alidata/www/default/App/Runtime/Cache/Index/e2c3fa17b4e5bc628cade56c6117791d.php 第 27 行.
NOTIC: [8] Undefined variable: modelid1 /alidata/www/default/App/Runtime/Cache/Index/e2c3fa17b4e5bc628cade56c6117791d.php 第 62 行.
NOTIC: [8] Undefined variable: modelid1 /alidata/www/default/App/Runtime/Cache/Index/e2c3fa17b4e5bc628cade56c6117791d.php 第 66 行.
SQL: SELECT * FROM `easy_fields` WHERE ( `field` = 'title' ) LIMIT 1   [ RunTime:0.000138s ]
SQL: SELECT * FROM `easy_fields` WHERE ( `field` = 'title' ) LIMIT 1   [ RunTime:0.000133s ]
SQL: SELECT * FROM `easy_fields` WHERE ( `field` = 'description' ) LIMIT 1   [ RunTime:0.000152s ]
NOTIC: [8] Undefined variable: modelid1 /alidata/www/default/App/Runtime/Cache/Index/e2c3fa17b4e5bc628cade56c6117791d.php 第 79 行.
SQL: SELECT * FROM `easy_fields` WHERE ( `field` = 'announcement' ) LIMIT 1   [ RunTime:0.000134s ]
NOTIC: [8] Undefined variable: approval /alidata/www/default/App/Runtime/Cache/Index/e2c3fa17b4e5bc628cade56c6117791d.php 第 141 行.
NOTIC: [8] Undefined variable: approval2 /alidata/www/default/App/Runtime/Cache/Index/e2c3fa17b4e5bc628cade56c6117791d.php 第 158 行.
NOTIC: [8] Undefined variable: approval3 /alidata/www/default/App/Runtime/Cache/Index/e2c3fa17b4e5bc628cade56c6117791d.php 第 175 行.
NOTIC: [8] Undefined variable: portrait /alidata/www/default/App/Runtime/Cache/Index/e2c3fa17b4e5bc628cade56c6117791d.php 第 189 行.
SQL: SELECT * FROM `easy_fields` WHERE ( `field` = 'ad' ) LIMIT 1   [ RunTime:0.000133s ]
SQL: SELECT * FROM `easy_fields` WHERE ( `field` = 'copyright' ) LIMIT 1   [ RunTime:0.000136s ]
SQL: SELECT * FROM `easy_fields` WHERE ( `field` = 'title' ) LIMIT 1   [ RunTime:0.000131s ]
INFO: ParseTemplate Behavior ::run [ RunTime:0.022126s ]
INFO: [ view_parse ] --END-- [ RunTime:0.022168s ]
INFO: [ view_filter ] --START--
INFO: ContentReplace Behavior ::run [ RunTime:0.000277s ]
INFO: TokenBuild Behavior ::run [ RunTime:0.000214s ]
INFO: WriteHtmlCache Behavior ::run [ RunTime:0.000127s ]
INFO: ShowRuntime Behavior ::run [ RunTime:0.000233s ]
INFO: [ view_filter ] --END-- [ RunTime:0.000961s ]
INFO: [ view_end ] --START--
INFO: ShowPageTrace Behavior ::run [ RunTime:0.000345s ]
INFO: [ view_end ] --END-- [ RunTime:0.000384s ]

[ 2015-06-08T18:36:25+08:00 ] 117.136.40.244 /index.php?s=/index/article/checkuser.html
INFO: [ route_check ] --START--
INFO: CheckRoute Behavior ::run [ RunTime:0.000427s ]
INFO: [ route_check ] --END-- [ RunTime:0.000490s ]
INFO: [ app_begin ] --START--
INFO: ReadHtmlCache Behavior ::run [ RunTime:0.000278s ]
INFO: [ app_begin ] --END-- [ RunTime:0.000314s ]
SQL: SHOW COLUMNS FROM `easy_category` [ RunTime:0.000685s ]
SQL: SELECT * FROM `easy_category` WHERE ( isverify=1 and isshow=1 ) ORDER BY sort desc  [ RunTime:0.000250s ]
SQL: SHOW COLUMNS FROM `easy_member_user_rank` [ RunTime:0.000316s ]
SQL: SELECT `rank_id`,`name` FROM `easy_member_user_rank` ORDER BY rank_id asc  [ RunTime:0.000135s ]
SQL: SHOW COLUMNS FROM `easy_member_user` [ RunTime:0.000456s ]
NOTIC: [8] Undefined index: user_id /alidata/www/default/App/Modules/Index/Action/CommonAction.class.php 第 22 行.
SQL: SELECT * FROM `easy_member_user` LIMIT 1   [ RunTime:0.000138s ]

