[ 2015-06-26T12:16:46+08:00 ] 31.192.108.62 /index.php
INFO: [ app_begin ] --START--
INFO: ReadHtmlCache Behavior ::run [ RunTime:0.000293s ]
INFO: [ app_begin ] --END-- [ RunTime:0.000360s ]
SQL: SHOW COLUMNS FROM `easy_category` [ RunTime:0.000662s ]
SQL: SELECT * FROM `easy_category` WHERE ( isverify=1 and isshow=1 ) ORDER BY sort desc  [ RunTime:0.000246s ]
SQL: SHOW COLUMNS FROM `easy_member_user_rank` [ RunTime:0.000324s ]
SQL: SELECT `rank_id`,`name` FROM `easy_member_user_rank` ORDER BY rank_id asc  [ RunTime:0.000146s ]
SQL: SHOW COLUMNS FROM `easy_member_user` [ RunTime:0.000425s ]
NOTIC: [8] Undefined index: user_id /alidata/www/default/App/Modules/Index/Action/CommonAction.class.php 第 22 行.
SQL: SELECT * FROM `easy_member_user` LIMIT 1   [ RunTime:0.000173s ]
SQL: SHOW COLUMNS FROM `easy_category` [ RunTime:0.000418s ]
SQL: SHOW COLUMNS FROM `easy_link` [ RunTime:0.000369s ]
SQL: SELECT * FROM `easy_category` WHERE ( ispush=1 and isverify=1 ) LIMIT 6   [ RunTime:0.000164s ]
SQL: SHOW COLUMNS FROM `easy_article` [ RunTime:0.000534s ]
SQL: SELECT * FROM `easy_article` WHERE ( 1=1 AND tid='62' )  [ RunTime:0.000205s ]
SQL: SELECT * FROM `easy_article` WHERE ( 1=1 AND tid='63' )  [ RunTime:0.000184s ]
SQL: SELECT * FROM `easy_article` WHERE ( 1=1 AND tid='64' )  [ RunTime:0.000178s ]
SQL: SELECT * FROM `easy_article` WHERE ( 1=1 AND tid='65' )  [ RunTime:0.000175s ]
SQL: SELECT * FROM `easy_article` WHERE ( 1=1 AND tid='71' )  [ RunTime:0.000180s ]
SQL: SELECT * FROM `easy_article` WHERE ( 1=1 AND tid='72' )  [ RunTime:0.000174s ]
SQL: SELECT * FROM `easy_link` WHERE ( isverify=1 )  [ RunTime:0.000153s ]
INFO: [ view_parse ] --START--
NOTIC: [8] Undefined offset: 1 /alidata/www/default/ThinkPHP/Lib/Driver/TagLib/TagLibCx.class.php 第 524 行.
NOTIC: [8] Undefined offset: 1 /alidata/www/default/ThinkPHP/Lib/Driver/TagLib/TagLibCx.class.php 第 524 行.
NOTIC: [8] Undefined offset: 1 /alidata/www/default/ThinkPHP/Lib/Driver/TagLib/TagLibCx.class.php 第 524 行.
NOTIC: [8] Undefined offset: 1 /alidata/www/default/ThinkPHP/Lib/Driver/TagLib/TagLibCx.class.php 第 524 行.
NOTIC: [8] Undefined offset: 1 /alidata/www/default/ThinkPHP/Lib/Driver/TagLib/TagLibCx.class.php 第 524 行.
NOTIC: [8] Undefined index: user_id /alidata/www/default/App/Runtime/Cache/Index/35df0d61bb9b2cf03f64104eb4a2e1e8.php 第 20 行.
INFO: ParseTemplate Behavior ::run [ RunTime:0.008027s ]
INFO: [ view_parse ] --END-- [ RunTime:0.008068s ]
INFO: [ view_filter ] --START--
INFO: ContentReplace Behavior ::run [ RunTime:0.000193s ]
INFO: TokenBuild Behavior ::run [ RunTime:0.000200s ]
INFO: WriteHtmlCache Behavior ::run [ RunTime:0.000114s ]
INFO: ShowRuntime Behavior ::run [ RunTime:0.000220s ]
INFO: [ view_filter ] --END-- [ RunTime:0.000835s ]
INFO: [ view_end ] --START--
INFO: ShowPageTrace Behavior ::run [ RunTime:0.000309s ]
INFO: [ view_end ] --END-- [ RunTime:0.000343s ]

