[ 2015-06-07T15:02:25+08:00 ] 117.136.40.198 /index.php?s=/admin/index/index.html
INFO: [ route_check ] --START--
INFO: CheckRoute Behavior ::run [ RunTime:0.000465s ]
INFO: [ route_check ] --END-- [ RunTime:0.000528s ]
INFO: [ app_begin ] --START--
INFO: ReadHtmlCache Behavior ::run [ RunTime:0.000277s ]
INFO: [ app_begin ] --END-- [ RunTime:0.000317s ]

[ 2015-06-07T15:02:25+08:00 ] 117.136.40.198 /index.php?s=/admin/login/login.html
INFO: [ route_check ] --START--
INFO: CheckRoute Behavior ::run [ RunTime:0.000434s ]
INFO: [ route_check ] --END-- [ RunTime:0.000495s ]
INFO: [ app_begin ] --START--
INFO: ReadHtmlCache Behavior ::run [ RunTime:0.000306s ]
INFO: [ app_begin ] --END-- [ RunTime:0.000347s ]
INFO: [ view_parse ] --START--
SQL: SHOW COLUMNS FROM `easy_fields` [ RunTime:0.000540s ]
SQL: SELECT * FROM `easy_fields` WHERE ( `field` = 'title' ) LIMIT 1   [ RunTime:0.000179s ]
INFO: ParseTemplate Behavior ::run [ RunTime:0.010749s ]
INFO: [ view_parse ] --END-- [ RunTime:0.010789s ]
INFO: [ view_filter ] --START--
INFO: ContentReplace Behavior ::run [ RunTime:0.000225s ]
INFO: TokenBuild Behavior ::run [ RunTime:0.000188s ]
INFO: WriteHtmlCache Behavior ::run [ RunTime:0.000151s ]
INFO: ShowRuntime Behavior ::run [ RunTime:0.000239s ]
INFO: [ view_filter ] --END-- [ RunTime:0.000916s ]
INFO: [ view_end ] --START--
INFO: ShowPageTrace Behavior ::run [ RunTime:0.000360s ]
INFO: [ view_end ] --END-- [ RunTime:0.000394s ]

[ 2015-06-07T15:02:25+08:00 ] 117.136.40.198 /index.php?s=/admin/login/verify/
INFO: [ route_check ] --START--
INFO: CheckRoute Behavior ::run [ RunTime:0.000481s ]
INFO: [ route_check ] --END-- [ RunTime:0.000539s ]
INFO: [ app_begin ] --START--
INFO: ReadHtmlCache Behavior ::run [ RunTime:0.000283s ]
INFO: [ app_begin ] --END-- [ RunTime:0.000322s ]

[ 2015-06-07T15:02:43+08:00 ] 183.60.35.93 /index.php?s=/admin/index/index.html
INFO: [ route_check ] --START--
INFO: CheckRoute Behavior ::run [ RunTime:0.000453s ]
INFO: [ route_check ] --END-- [ RunTime:0.000514s ]
INFO: [ app_begin ] --START--
INFO: ReadHtmlCache Behavior ::run [ RunTime:0.000286s ]
INFO: [ app_begin ] --END-- [ RunTime:0.000325s ]

[ 2015-06-07T15:02:43+08:00 ] 183.60.35.93 /index.php?s=/admin/login/login.html
INFO: [ route_check ] --START--
INFO: CheckRoute Behavior ::run [ RunTime:0.000419s ]
INFO: [ route_check ] --END-- [ RunTime:0.000466s ]
INFO: [ app_begin ] --START--
INFO: ReadHtmlCache Behavior ::run [ RunTime:0.000314s ]
INFO: [ app_begin ] --END-- [ RunTime:0.000353s ]
INFO: [ view_parse ] --START--
SQL: SHOW COLUMNS FROM `easy_fields` [ RunTime:0.000607s ]
SQL: SELECT * FROM `easy_fields` WHERE ( `field` = 'title' ) LIMIT 1   [ RunTime:0.000176s ]
INFO: ParseTemplate Behavior ::run [ RunTime:0.010177s ]
INFO: [ view_parse ] --END-- [ RunTime:0.010218s ]
INFO: [ view_filter ] --START--
INFO: ContentReplace Behavior ::run [ RunTime:0.000339s ]
INFO: TokenBuild Behavior ::run [ RunTime:0.000202s ]
INFO: WriteHtmlCache Behavior ::run [ RunTime:0.000126s ]
INFO: ShowRuntime Behavior ::run [ RunTime:0.000239s ]
INFO: [ view_filter ] --END-- [ RunTime:0.001011s ]
INFO: [ view_end ] --START--
INFO: ShowPageTrace Behavior ::run [ RunTime:0.000373s ]
INFO: [ view_end ] --END-- [ RunTime:0.000408s ]

[ 2015-06-07T15:02:54+08:00 ] 117.136.40.198 /index.php
INFO: [ app_begin ] --START--
INFO: ReadHtmlCache Behavior ::run [ RunTime:0.000310s ]
INFO: [ app_begin ] --END-- [ RunTime:0.000371s ]
SQL: SHOW COLUMNS FROM `easy_category` [ RunTime:0.000662s ]
SQL: SELECT * FROM `easy_category` WHERE ( isverify=1 and isshow=1 ) ORDER BY sort desc  [ RunTime:0.000233s ]
SQL: SHOW COLUMNS FROM `easy_member_user_rank` [ RunTime:0.000334s ]
SQL: SELECT `rank_id`,`name` FROM `easy_member_user_rank` ORDER BY rank_id asc  [ RunTime:0.000135s ]
SQL: SHOW COLUMNS FROM `easy_member_user` [ RunTime:0.000412s ]
NOTIC: [8] Undefined index: user_id /alidata/www/default/App/Modules/Index/Action/CommonAction.class.php 第 22 行.
SQL: SELECT * FROM `easy_member_user` LIMIT 1   [ RunTime:0.000167s ]
SQL: SHOW COLUMNS FROM `easy_category` [ RunTime:0.000414s ]
SQL: SHOW COLUMNS FROM `easy_link` [ RunTime:0.000403s ]
SQL: SELECT * FROM `easy_category` WHERE ( ispush=1 and isverify=1 ) LIMIT 6   [ RunTime:0.000160s ]
SQL: SHOW COLUMNS FROM `easy_article` [ RunTime:0.000509s ]
SQL: SELECT * FROM `easy_article` WHERE ( 1=1 AND tid='62' )  [ RunTime:0.000195s ]
SQL: SELECT * FROM `easy_article` WHERE ( 1=1 AND tid='63' )  [ RunTime:0.000174s ]
SQL: SELECT * FROM `easy_article` WHERE ( 1=1 AND tid='64' )  [ RunTime:0.000175s ]
SQL: SELECT * FROM `easy_article` WHERE ( 1=1 AND tid='65' )  [ RunTime:0.000171s ]
SQL: SELECT * FROM `easy_article` WHERE ( 1=1 AND tid='71' )  [ RunTime:0.000170s ]
SQL: SELECT * FROM `easy_article` WHERE ( 1=1 AND tid='72' )  [ RunTime:0.000171s ]
SQL: SELECT * FROM `easy_link` WHERE ( isverify=1 )  [ RunTime:0.000151s ]
INFO: [ view_parse ] --START--
SQL: SHOW COLUMNS FROM `easy_fields` [ RunTime:0.000404s ]
SQL: SELECT * FROM `easy_fields` WHERE ( `field` = 'title' ) LIMIT 1   [ RunTime:0.000146s ]
SQL: SELECT * FROM `easy_fields` WHERE ( `field` = 'description' ) LIMIT 1   [ RunTime:0.000139s ]
SQL: SELECT * FROM `easy_fields` WHERE ( `field` = 'title' ) LIMIT 1   [ RunTime:0.000140s ]
NOTIC: [8] Undefined index: catsid /alidata/www/default/App/Runtime/Cache/Index/e2c3fa17b4e5bc628cade56c6117791d.php 第 26 行.
NOTIC: [8] Undefined variable: article /alidata/www/default/App/Runtime/Cache/Index/e2c3fa17b4e5bc628cade56c6117791d.php 第 26 行.
NOTIC: [8] Undefined index: catsid /alidata/www/default/App/Runtime/Cache/Index/e2c3fa17b4e5bc628cade56c6117791d.php 第 27 行.
NOTIC: [8] Undefined variable: article /alidata/www/default/App/Runtime/Cache/Index/e2c3fa17b4e5bc628cade56c6117791d.php 第 27 行.
NOTIC: [8] Undefined index: catsid /alidata/www/default/App/Runtime/Cache/Index/e2c3fa17b4e5bc628cade56c6117791d.php 第 27 行.
NOTIC: [8] Undefined variable: article /alidata/www/default/App/Runtime/Cache/Index/e2c3fa17b4e5bc628cade56c6117791d.php 第 27 行.
NOTIC: [8] Undefined index: catsid /alidata/www/default/App/Runtime/Cache/Index/e2c3fa17b4e5bc628cade56c6117791d.php 第 27 行.
NOTIC: [8] Undefined variable: article /alidata/www/default/App/Runtime/Cache/Index/e2c3fa17b4e5bc628cade56c6117791d.php 第 27 行.
NOTIC: [8] Undefined index: catsid /alidata/www/default/App/Runtime/Cache/Index/e2c3fa17b4e5bc628cade56c6117791d.php 第 27 行.
NOTIC: [8] Undefined variable: article /alidata/www/default/App/Runtime/Cache/Index/e2c3fa17b4e5bc628cade56c6117791d.php 第 27 行.
NOTIC: [8] Undefined index: catsid /alidata/www/default/App/Runtime/Cache/Index/e2c3fa17b4e5bc628cade56c6117791d.php 第 27 行.
NOTIC: [8] Undefined variable: article /alidata/www/default/App/Runtime/Cache/Index/e2c3fa17b4e5bc628cade56c6117791d.php 第 27 行.
NOTIC: [8] Undefined index: catsid /alidata/www/default/App/Runtime/Cache/Index/e2c3fa17b4e5bc628cade56c6117791d.php 第 27 行.
NOTIC: [8] Undefined variable: article /alidata/www/default/App/Runtime/Cache/Index/e2c3fa17b4e5bc628cade56c6117791d.php 第 27 行.
NOTIC: [8] Undefined variable: modelid1 /alidata/www/default/App/Runtime/Cache/Index/e2c3fa17b4e5bc628cade56c6117791d.php 第 62 行.
NOTIC: [8] Undefined variable: modelid1 /alidata/www/default/App/Runtime/Cache/Index/e2c3fa17b4e5bc628cade56c6117791d.php 第 66 行.
SQL: SELECT * FROM `easy_fields` WHERE ( `field` = 'title' ) LIMIT 1   [ RunTime:0.000139s ]
SQL: SELECT * FROM `easy_fields` WHERE ( `field` = 'title' ) LIMIT 1   [ RunTime:0.000135s ]
SQL: SELECT * FROM `easy_fields` WHERE ( `field` = 'description' ) LIMIT 1   [ RunTime:0.000132s ]
NOTIC: [8] Undefined variable: modelid1 /alidata/www/default/App/Runtime/Cache/Index/e2c3fa17b4e5bc628cade56c6117791d.php 第 79 行.
SQL: SELECT * FROM `easy_fields` WHERE ( `field` = 'announcement' ) LIMIT 1   [ RunTime:0.000137s ]
NOTIC: [8] Undefined variable: approval /alidata/www/default/App/Runtime/Cache/Index/e2c3fa17b4e5bc628cade56c6117791d.php 第 141 行.
NOTIC: [8] Undefined variable: approval2 /alidata/www/default/App/Runtime/Cache/Index/e2c3fa17b4e5bc628cade56c6117791d.php 第 158 行.
NOTIC: [8] Undefined variable: approval3 /alidata/www/default/App/Runtime/Cache/Index/e2c3fa17b4e5bc628cade56c6117791d.php 第 175 行.
NOTIC: [8] Undefined variable: portrait /alidata/www/default/App/Runtime/Cache/Index/e2c3fa17b4e5bc628cade56c6117791d.php 第 189 行.
SQL: SELECT * FROM `easy_fields` WHERE ( `field` = 'ad' ) LIMIT 1   [ RunTime:0.000131s ]
SQL: SELECT * FROM `easy_fields` WHERE ( `field` = 'copyright' ) LIMIT 1   [ RunTime:0.000428s ]
SQL: SELECT * FROM `easy_fields` WHERE ( `field` = 'title' ) LIMIT 1   [ RunTime:0.000130s ]
INFO: ParseTemplate Behavior ::run [ RunTime:0.020915s ]
INFO: [ view_parse ] --END-- [ RunTime:0.020951s ]
INFO: [ view_filter ] --START--
INFO: ContentReplace Behavior ::run [ RunTime:0.000254s ]
INFO: TokenBuild Behavior ::run [ RunTime:0.000209s ]
INFO: WriteHtmlCache Behavior ::run [ RunTime:0.000122s ]
INFO: ShowRuntime Behavior ::run [ RunTime:0.000233s ]
INFO: [ view_filter ] --END-- [ RunTime:0.000923s ]
INFO: [ view_end ] --START--
INFO: ShowPageTrace Behavior ::run [ RunTime:0.000346s ]
INFO: [ view_end ] --END-- [ RunTime:0.000386s ]

[ 2015-06-07T15:02:54+08:00 ] 117.136.40.198 /index.php?s=/index/article/checkuser.html
INFO: [ route_check ] --START--
INFO: CheckRoute Behavior ::run [ RunTime:0.000458s ]
INFO: [ route_check ] --END-- [ RunTime:0.000520s ]
INFO: [ app_begin ] --START--
INFO: ReadHtmlCache Behavior ::run [ RunTime:0.000276s ]
INFO: [ app_begin ] --END-- [ RunTime:0.000312s ]
SQL: SHOW COLUMNS FROM `easy_category` [ RunTime:0.004740s ]
SQL: SELECT * FROM `easy_category` WHERE ( isverify=1 and isshow=1 ) ORDER BY sort desc  [ RunTime:0.000234s ]
SQL: SHOW COLUMNS FROM `easy_member_user_rank` [ RunTime:0.000313s ]
SQL: SELECT `rank_id`,`name` FROM `easy_member_user_rank` ORDER BY rank_id asc  [ RunTime:0.000161s ]
SQL: SHOW COLUMNS FROM `easy_member_user` [ RunTime:0.000421s ]
NOTIC: [8] Undefined index: user_id /alidata/www/default/App/Modules/Index/Action/CommonAction.class.php 第 22 行.
SQL: SELECT * FROM `easy_member_user` LIMIT 1   [ RunTime:0.000139s ]

[ 2015-06-07T15:03:33+08:00 ] 117.136.40.198 /index.php?s=/index/index/index.html
INFO: [ route_check ] --START--
INFO: CheckRoute Behavior ::run [ RunTime:0.000476s ]
INFO: [ route_check ] --END-- [ RunTime:0.000539s ]
INFO: [ app_begin ] --START--
INFO: ReadHtmlCache Behavior ::run [ RunTime:0.000282s ]
INFO: [ app_begin ] --END-- [ RunTime:0.000321s ]
SQL: SHOW COLUMNS FROM `easy_category` [ RunTime:0.000750s ]
SQL: SELECT * FROM `easy_category` WHERE ( isverify=1 and isshow=1 ) ORDER BY sort desc  [ RunTime:0.000233s ]
SQL: SHOW COLUMNS FROM `easy_member_user_rank` [ RunTime:0.000332s ]
SQL: SELECT `rank_id`,`name` FROM `easy_member_user_rank` ORDER BY rank_id asc  [ RunTime:0.000136s ]
SQL: SHOW COLUMNS FROM `easy_member_user` [ RunTime:0.000426s ]
NOTIC: [8] Undefined index: user_id /alidata/www/default/App/Modules/Index/Action/CommonAction.class.php 第 22 行.
SQL: SELECT * FROM `easy_member_user` LIMIT 1   [ RunTime:0.000160s ]
SQL: SHOW COLUMNS FROM `easy_category` [ RunTime:0.000429s ]
SQL: SHOW COLUMNS FROM `easy_link` [ RunTime:0.000404s ]
SQL: SELECT * FROM `easy_category` WHERE ( ispush=1 and isverify=1 ) LIMIT 6   [ RunTime:0.000161s ]
SQL: SHOW COLUMNS FROM `easy_article` [ RunTime:0.000518s ]
SQL: SELECT * FROM `easy_article` WHERE ( 1=1 AND tid='62' )  [ RunTime:0.000201s ]
SQL: SELECT * FROM `easy_article` WHERE ( 1=1 AND tid='63' )  [ RunTime:0.000176s ]
SQL: SELECT * FROM `easy_article` WHERE ( 1=1 AND tid='64' )  [ RunTime:0.000172s ]
SQL: SELECT * FROM `easy_article` WHERE ( 1=1 AND tid='65' )  [ RunTime:0.000171s ]
SQL: SELECT * FROM `easy_article` WHERE ( 1=1 AND tid='71' )  [ RunTime:0.000190s ]
SQL: SELECT * FROM `easy_article` WHERE ( 1=1 AND tid='72' )  [ RunTime:0.000167s ]
SQL: SELECT * FROM `easy_link` WHERE ( isverify=1 )  [ RunTime:0.000143s ]
INFO: [ view_parse ] --START--
SQL: SHOW COLUMNS FROM `easy_fields` [ RunTime:0.000568s ]
SQL: SELECT * FROM `easy_fields` WHERE ( `field` = 'title' ) LIMIT 1   [ RunTime:0.000173s ]
SQL: SELECT * FROM `easy_fields` WHERE ( `field` = 'description' ) LIMIT 1   [ RunTime:0.000139s ]
SQL: SELECT * FROM `easy_fields` WHERE ( `field` = 'title' ) LIMIT 1   [ RunTime:0.000161s ]
NOTIC: [8] Undefined index: catsid /alidata/www/default/App/Runtime/Cache/Index/e2c3fa17b4e5bc628cade56c6117791d.php 第 26 行.
NOTIC: [8] Undefined variable: article /alidata/www/default/App/Runtime/Cache/Index/e2c3fa17b4e5bc628cade56c6117791d.php 第 26 行.
NOTIC: [8] Undefined index: catsid /alidata/www/default/App/Runtime/Cache/Index/e2c3fa17b4e5bc628cade56c6117791d.php 第 27 行.
NOTIC: [8] Undefined variable: article /alidata/www/default/App/Runtime/Cache/Index/e2c3fa17b4e5bc628cade56c6117791d.php 第 27 行.
NOTIC: [8] Undefined index: catsid /alidata/www/default/App/Runtime/Cache/Index/e2c3fa17b4e5bc628cade56c6117791d.php 第 27 行.
NOTIC: [8] Undefined variable: article /alidata/www/default/App/Runtime/Cache/Index/e2c3fa17b4e5bc628cade56c6117791d.php 第 27 行.
NOTIC: [8] Undefined index: catsid /alidata/www/default/App/Runtime/Cache/Index/e2c3fa17b4e5bc628cade56c6117791d.php 第 27 行.
NOTIC: [8] Undefined variable: article /alidata/www/default/App/Runtime/Cache/Index/e2c3fa17b4e5bc628cade56c6117791d.php 第 27 行.
NOTIC: [8] Undefined index: catsid /alidata/www/default/App/Runtime/Cache/Index/e2c3fa17b4e5bc628cade56c6117791d.php 第 27 行.
NOTIC: [8] Undefined variable: article /alidata/www/default/App/Runtime/Cache/Index/e2c3fa17b4e5bc628cade56c6117791d.php 第 27 行.
NOTIC: [8] Undefined index: catsid /alidata/www/default/App/Runtime/Cache/Index/e2c3fa17b4e5bc628cade56c6117791d.php 第 27 行.
NOTIC: [8] Undefined variable: article /alidata/www/default/App/Runtime/Cache/Index/e2c3fa17b4e5bc628cade56c6117791d.php 第 27 行.
NOTIC: [8] Undefined index: catsid /alidata/www/default/App/Runtime/Cache/Index/e2c3fa17b4e5bc628cade56c6117791d.php 第 27 行.
NOTIC: [8] Undefined variable: article /alidata/www/default/App/Runtime/Cache/Index/e2c3fa17b4e5bc628cade56c6117791d.php 第 27 行.
NOTIC: [8] Undefined variable: modelid1 /alidata/www/default/App/Runtime/Cache/Index/e2c3fa17b4e5bc628cade56c6117791d.php 第 62 行.
NOTIC: [8] Undefined variable: modelid1 /alidata/www/default/App/Runtime/Cache/Index/e2c3fa17b4e5bc628cade56c6117791d.php 第 66 行.
SQL: SELECT * FROM `easy_fields` WHERE ( `field` = 'title' ) LIMIT 1   [ RunTime:0.000138s ]
SQL: SELECT * FROM `easy_fields` WHERE ( `field` = 'title' ) LIMIT 1   [ RunTime:0.000134s ]
SQL: SELECT * FROM `easy_fields` WHERE ( `field` = 'description' ) LIMIT 1   [ RunTime:0.000151s ]
NOTIC: [8] Undefined variable: modelid1 /alidata/www/default/App/Runtime/Cache/Index/e2c3fa17b4e5bc628cade56c6117791d.php 第 79 行.
SQL: SELECT * FROM `easy_fields` WHERE ( `field` = 'announcement' ) LIMIT 1   [ RunTime:0.000134s ]
NOTIC: [8] Undefined variable: approval /alidata/www/default/App/Runtime/Cache/Index/e2c3fa17b4e5bc628cade56c6117791d.php 第 141 行.
NOTIC: [8] Undefined variable: approval2 /alidata/www/default/App/Runtime/Cache/Index/e2c3fa17b4e5bc628cade56c6117791d.php 第 158 行.
NOTIC: [8] Undefined variable: approval3 /alidata/www/default/App/Runtime/Cache/Index/e2c3fa17b4e5bc628cade56c6117791d.php 第 175 行.
NOTIC: [8] Undefined variable: portrait /alidata/www/default/App/Runtime/Cache/Index/e2c3fa17b4e5bc628cade56c6117791d.php 第 189 行.
SQL: SELECT * FROM `easy_fields` WHERE ( `field` = 'ad' ) LIMIT 1   [ RunTime:0.000131s ]
SQL: SELECT * FROM `easy_fields` WHERE ( `field` = 'copyright' ) LIMIT 1   [ RunTime:0.000134s ]
SQL: SELECT * FROM `easy_fields` WHERE ( `field` = 'title' ) LIMIT 1   [ RunTime:0.000131s ]
INFO: ParseTemplate Behavior ::run [ RunTime:0.021512s ]
INFO: [ view_parse ] --END-- [ RunTime:0.021552s ]
INFO: [ view_filter ] --START--
INFO: ContentReplace Behavior ::run [ RunTime:0.000227s ]
INFO: TokenBuild Behavior ::run [ RunTime:0.000220s ]
INFO: WriteHtmlCache Behavior ::run [ RunTime:0.000125s ]
INFO: ShowRuntime Behavior ::run [ RunTime:0.000237s ]
INFO: [ view_filter ] --END-- [ RunTime:0.000914s ]
INFO: [ view_end ] --START--
INFO: ShowPageTrace Behavior ::run [ RunTime:0.000334s ]
INFO: [ view_end ] --END-- [ RunTime:0.000395s ]

[ 2015-06-07T15:03:33+08:00 ] 117.136.40.198 /index.php?s=/index/article/checkuser.html
INFO: [ route_check ] --START--
INFO: CheckRoute Behavior ::run [ RunTime:0.000431s ]
INFO: [ route_check ] --END-- [ RunTime:0.000501s ]
INFO: [ app_begin ] --START--
INFO: ReadHtmlCache Behavior ::run [ RunTime:0.000313s ]
INFO: [ app_begin ] --END-- [ RunTime:0.000350s ]
SQL: SHOW COLUMNS FROM `easy_category` [ RunTime:0.000675s ]
SQL: SELECT * FROM `easy_category` WHERE ( isverify=1 and isshow=1 ) ORDER BY sort desc  [ RunTime:0.000232s ]
SQL: SHOW COLUMNS FROM `easy_member_user_rank` [ RunTime:0.000314s ]
SQL: SELECT `rank_id`,`name` FROM `easy_member_user_rank` ORDER BY rank_id asc  [ RunTime:0.000160s ]
SQL: SHOW COLUMNS FROM `easy_member_user` [ RunTime:0.000431s ]
NOTIC: [8] Undefined index: user_id /alidata/www/default/App/Modules/Index/Action/CommonAction.class.php 第 22 行.
SQL: SELECT * FROM `easy_member_user` LIMIT 1   [ RunTime:0.000152s ]

[ 2015-06-07T15:06:10+08:00 ] 119.147.146.189 /index.php?s=/admin/index/index.html
INFO: [ route_check ] --START--
INFO: CheckRoute Behavior ::run [ RunTime:0.000452s ]
INFO: [ route_check ] --END-- [ RunTime:0.000525s ]
INFO: [ app_begin ] --START--
INFO: ReadHtmlCache Behavior ::run [ RunTime:0.000279s ]
INFO: [ app_begin ] --END-- [ RunTime:0.000319s ]

[ 2015-06-07T15:06:10+08:00 ] 119.147.146.189 /index.php?s=/admin/login/login.html
INFO: [ route_check ] --START--
INFO: CheckRoute Behavior ::run [ RunTime:0.000438s ]
INFO: [ route_check ] --END-- [ RunTime:0.000489s ]
INFO: [ app_begin ] --START--
INFO: ReadHtmlCache Behavior ::run [ RunTime:0.000276s ]
INFO: [ app_begin ] --END-- [ RunTime:0.000316s ]
INFO: [ view_parse ] --START--
SQL: SHOW COLUMNS FROM `easy_fields` [ RunTime:0.000578s ]
SQL: SELECT * FROM `easy_fields` WHERE ( `field` = 'title' ) LIMIT 1   [ RunTime:0.000174s ]
INFO: ParseTemplate Behavior ::run [ RunTime:0.010457s ]
INFO: [ view_parse ] --END-- [ RunTime:0.010493s ]
INFO: [ view_filter ] --START--
INFO: ContentReplace Behavior ::run [ RunTime:0.000244s ]
INFO: TokenBuild Behavior ::run [ RunTime:0.000214s ]
INFO: WriteHtmlCache Behavior ::run [ RunTime:0.000124s ]
INFO: ShowRuntime Behavior ::run [ RunTime:0.000246s ]
INFO: [ view_filter ] --END-- [ RunTime:0.000932s ]
INFO: [ view_end ] --START--
INFO: ShowPageTrace Behavior ::run [ RunTime:0.000354s ]
INFO: [ view_end ] --END-- [ RunTime:0.000408s ]

[ 2015-06-07T15:06:10+08:00 ] 119.147.146.189 /index.php?s=/admin/login/login.html
INFO: [ route_check ] --START--
INFO: CheckRoute Behavior ::run [ RunTime:0.000418s ]
INFO: [ route_check ] --END-- [ RunTime:0.000472s ]
INFO: [ app_begin ] --START--
INFO: ReadHtmlCache Behavior ::run [ RunTime:0.000305s ]
INFO: [ app_begin ] --END-- [ RunTime:0.000344s ]
INFO: [ view_parse ] --START--
SQL: SHOW COLUMNS FROM `easy_fields` [ RunTime:0.000438s ]
SQL: SELECT * FROM `easy_fields` WHERE ( `field` = 'title' ) LIMIT 1   [ RunTime:0.000159s ]
INFO: ParseTemplate Behavior ::run [ RunTime:0.009916s ]
INFO: [ view_parse ] --END-- [ RunTime:0.009955s ]
INFO: [ view_filter ] --START--
INFO: ContentReplace Behavior ::run [ RunTime:0.000262s ]
INFO: TokenBuild Behavior ::run [ RunTime:0.000220s ]
INFO: WriteHtmlCache Behavior ::run [ RunTime:0.000126s ]
INFO: ShowRuntime Behavior ::run [ RunTime:0.000251s ]
INFO: [ view_filter ] --END-- [ RunTime:0.000974s ]
INFO: [ view_end ] --START--
INFO: ShowPageTrace Behavior ::run [ RunTime:0.000374s ]
INFO: [ view_end ] --END-- [ RunTime:0.000430s ]

