[ 2015-06-11T14:29:03+08:00 ] 183.62.210.102 /index.php?s=/admin/login/login.html
INFO: [ route_check ] --START--
INFO: CheckRoute Behavior ::run [ RunTime:0.000456s ]
INFO: [ route_check ] --END-- [ RunTime:0.000517s ]
INFO: [ app_begin ] --START--
INFO: ReadHtmlCache Behavior ::run [ RunTime:0.000287s ]
INFO: [ app_begin ] --END-- [ RunTime:0.000345s ]
INFO: [ view_parse ] --START--
SQL: SHOW COLUMNS FROM `easy_fields` [ RunTime:0.000542s ]
SQL: SELECT * FROM `easy_fields` WHERE ( `field` = 'title' ) LIMIT 1   [ RunTime:0.000178s ]
INFO: ParseTemplate Behavior ::run [ RunTime:0.010546s ]
INFO: [ view_parse ] --END-- [ RunTime:0.010585s ]
INFO: [ view_filter ] --START--
INFO: ContentReplace Behavior ::run [ RunTime:0.000234s ]
INFO: TokenBuild Behavior ::run [ RunTime:0.000191s ]
INFO: WriteHtmlCache Behavior ::run [ RunTime:0.000128s ]
INFO: ShowRuntime Behavior ::run [ RunTime:0.000239s ]
INFO: [ view_filter ] --END-- [ RunTime:0.000895s ]
INFO: [ view_end ] --START--
INFO: ShowPageTrace Behavior ::run [ RunTime:0.000341s ]
INFO: [ view_end ] --END-- [ RunTime:0.000376s ]

[ 2015-06-11T14:29:03+08:00 ] 183.62.210.102 /index.php?s=/admin/login/verify/
INFO: [ route_check ] --START--
INFO: CheckRoute Behavior ::run [ RunTime:0.000432s ]
INFO: [ route_check ] --END-- [ RunTime:0.000489s ]
INFO: [ app_begin ] --START--
INFO: ReadHtmlCache Behavior ::run [ RunTime:0.000330s ]
INFO: [ app_begin ] --END-- [ RunTime:0.000371s ]

[ 2015-06-11T14:29:10+08:00 ] 183.62.210.102 /index.php?s=/admin/login/checkLogin/
INFO: [ route_check ] --START--
INFO: CheckRoute Behavior ::run [ RunTime:0.000424s ]
INFO: [ route_check ] --END-- [ RunTime:0.000497s ]
INFO: [ app_begin ] --START--
INFO: ReadHtmlCache Behavior ::run [ RunTime:0.000282s ]
INFO: [ app_begin ] --END-- [ RunTime:0.000324s ]
SQL: SHOW COLUMNS FROM `easy_user` [ RunTime:0.000678s ]
SQL: SELECT * FROM `easy_user` WHERE ( `username` = 'admin' ) LIMIT 1   [ RunTime:0.000200s ]
SQL: UPDATE `easy_user` SET `logintime`=1434004150,`loginip`='183.62.210.102' WHERE ( `id` = 6 ) [ RunTime:0.000216s ]

[ 2015-06-11T14:29:11+08:00 ] 183.62.210.102 /index.php?s=/admin/index/index.html
INFO: [ route_check ] --START--
INFO: CheckRoute Behavior ::run [ RunTime:0.000416s ]
INFO: [ route_check ] --END-- [ RunTime:0.000464s ]
INFO: [ app_begin ] --START--
INFO: ReadHtmlCache Behavior ::run [ RunTime:0.000281s ]
INFO: [ app_begin ] --END-- [ RunTime:0.000327s ]
INFO: [ view_parse ] --START--
SQL: SHOW COLUMNS FROM `easy_fields` [ RunTime:0.000448s ]
SQL: SELECT * FROM `easy_fields` WHERE ( `field` = 'title' ) LIMIT 1   [ RunTime:0.000165s ]
INFO: ParseTemplate Behavior ::run [ RunTime:0.014037s ]
INFO: [ view_parse ] --END-- [ RunTime:0.014082s ]
INFO: [ view_filter ] --START--
INFO: ContentReplace Behavior ::run [ RunTime:0.000344s ]
INFO: TokenBuild Behavior ::run [ RunTime:0.000194s ]
INFO: WriteHtmlCache Behavior ::run [ RunTime:0.000125s ]
INFO: ShowRuntime Behavior ::run [ RunTime:0.000236s ]
INFO: [ view_filter ] --END-- [ RunTime:0.001001s ]
INFO: [ view_end ] --START--
INFO: ShowPageTrace Behavior ::run [ RunTime:0.000385s ]
INFO: [ view_end ] --END-- [ RunTime:0.000423s ]

[ 2015-06-11T14:29:14+08:00 ] 183.62.210.102 /index.php?s=/admin/user/index.html&_=1434004102536
INFO: [ route_check ] --START--
INFO: CheckRoute Behavior ::run [ RunTime:0.000424s ]
INFO: [ route_check ] --END-- [ RunTime:0.000485s ]
INFO: [ app_begin ] --START--
INFO: ReadHtmlCache Behavior ::run [ RunTime:0.000283s ]
INFO: [ app_begin ] --END-- [ RunTime:0.000323s ]
SQL: SHOW COLUMNS FROM `easy_member_user` [ RunTime:0.000653s ]
SQL: SELECT COUNT(*) AS tp_count FROM `easy_member_user` LIMIT 1   [ RunTime:0.000152s ]
SQL: SELECT * FROM `easy_member_user` ORDER BY user_id desc LIMIT 0,10   [ RunTime:0.000219s ]
NOTIC: [8] Undefined variable: search /alidata/www/default/App/Modules/Admin/Action/UserAction.class.php 第 298 行.
NOTIC: [8] Undefined index: values /alidata/www/default/App/Modules/Admin/Action/UserAction.class.php 第 299 行.
SQL: SHOW COLUMNS FROM `easy_member_user_rank` [ RunTime:0.000321s ]
SQL: SELECT `rank_id`,`name` FROM `easy_member_user_rank` ORDER BY rank_id asc  [ RunTime:0.000146s ]
INFO: [ view_parse ] --START--
NOTIC: [8] Undefined index: _order /alidata/www/default/App/Runtime/Cache/Admin/61b890c438aa088ba1a87af356edd393.php 第 4 行.
NOTIC: [8] Undefined index: _sort /alidata/www/default/App/Runtime/Cache/Admin/61b890c438aa088ba1a87af356edd393.php 第 5 行.
NOTIC: [8] Undefined index: keyword /alidata/www/default/App/Runtime/Cache/Admin/61b890c438aa088ba1a87af356edd393.php 第 14 行.
NOTIC: [8] Undefined offset: 0 /alidata/www/default/App/Runtime/Cache/Admin/61b890c438aa088ba1a87af356edd393.php 第 55 行.
NOTIC: [8] Undefined offset: 0 /alidata/www/default/App/Runtime/Cache/Admin/61b890c438aa088ba1a87af356edd393.php 第 55 行.
INFO: ParseTemplate Behavior ::run [ RunTime:0.007950s ]
INFO: [ view_parse ] --END-- [ RunTime:0.007987s ]
INFO: [ view_filter ] --START--
INFO: ContentReplace Behavior ::run [ RunTime:0.000200s ]
INFO: TokenBuild Behavior ::run [ RunTime:0.000181s ]
INFO: WriteHtmlCache Behavior ::run [ RunTime:0.000128s ]
INFO: ShowRuntime Behavior ::run [ RunTime:0.000242s ]
INFO: [ view_filter ] --END-- [ RunTime:0.000869s ]
INFO: [ view_end ] --START--
INFO: ShowPageTrace Behavior ::run [ RunTime:0.000335s ]
INFO: [ view_end ] --END-- [ RunTime:0.000370s ]

[ 2015-06-11T14:29:20+08:00 ] 183.62.210.102 /index.php?s=/admin/user/add.html&_=1434004109135
INFO: [ route_check ] --START--
INFO: CheckRoute Behavior ::run [ RunTime:0.000436s ]
INFO: [ route_check ] --END-- [ RunTime:0.000509s ]
INFO: [ app_begin ] --START--
INFO: ReadHtmlCache Behavior ::run [ RunTime:0.000286s ]
INFO: [ app_begin ] --END-- [ RunTime:0.000323s ]
SQL: SHOW COLUMNS FROM `easy_member_user_rank` [ RunTime:0.000552s ]
SQL: SELECT * FROM `easy_member_user_rank` ORDER BY rank_id asc  [ RunTime:0.000156s ]
INFO: [ view_parse ] --START--
INFO: ParseTemplate Behavior ::run [ RunTime:0.004991s ]
INFO: [ view_parse ] --END-- [ RunTime:0.005041s ]
INFO: [ view_filter ] --START--
INFO: ContentReplace Behavior ::run [ RunTime:0.000186s ]
INFO: TokenBuild Behavior ::run [ RunTime:0.000208s ]
INFO: WriteHtmlCache Behavior ::run [ RunTime:0.000122s ]
INFO: ShowRuntime Behavior ::run [ RunTime:0.000232s ]
INFO: [ view_filter ] --END-- [ RunTime:0.000849s ]
INFO: [ view_end ] --START--
INFO: ShowPageTrace Behavior ::run [ RunTime:0.000335s ]
INFO: [ view_end ] --END-- [ RunTime:0.000368s ]

[ 2015-06-11T14:29:24+08:00 ] 183.62.210.102 /index.php?s=/admin/category/index.html&_=1434004113223
INFO: [ route_check ] --START--
INFO: CheckRoute Behavior ::run [ RunTime:0.000451s ]
INFO: [ route_check ] --END-- [ RunTime:0.000536s ]
INFO: [ app_begin ] --START--
INFO: ReadHtmlCache Behavior ::run [ RunTime:0.000303s ]
INFO: [ app_begin ] --END-- [ RunTime:0.000340s ]
SQL: SHOW COLUMNS FROM `easy_category` [ RunTime:0.000689s ]
SQL: SELECT COUNT(*) AS tp_count FROM `easy_category` LIMIT 1   [ RunTime:0.000147s ]
SQL: SELECT * FROM `easy_category` ORDER BY sort asc  [ RunTime:0.000195s ]
NOTIC: [8] Undefined variable: search /alidata/www/default/App/Modules/Admin/Action/CategoryAction.class.php 第 255 行.
NOTIC: [8] Undefined index: values /alidata/www/default/App/Modules/Admin/Action/CategoryAction.class.php 第 256 行.
INFO: [ view_parse ] --START--
NOTIC: [8] Undefined index: _order /alidata/www/default/App/Runtime/Cache/Admin/13155fbe2e021747f92be41abac42d59.php 第 4 行.
NOTIC: [8] Undefined index: _sort /alidata/www/default/App/Runtime/Cache/Admin/13155fbe2e021747f92be41abac42d59.php 第 5 行.
INFO: ParseTemplate Behavior ::run [ RunTime:0.006596s ]
INFO: [ view_parse ] --END-- [ RunTime:0.006644s ]
INFO: [ view_filter ] --START--
INFO: ContentReplace Behavior ::run [ RunTime:0.000252s ]
INFO: TokenBuild Behavior ::run [ RunTime:0.000186s ]
INFO: WriteHtmlCache Behavior ::run [ RunTime:0.000117s ]
INFO: ShowRuntime Behavior ::run [ RunTime:0.000257s ]
INFO: [ view_filter ] --END-- [ RunTime:0.000910s ]
INFO: [ view_end ] --START--
INFO: ShowPageTrace Behavior ::run [ RunTime:0.000360s ]
INFO: [ view_end ] --END-- [ RunTime:0.000404s ]

[ 2015-06-11T14:29:28+08:00 ] 183.62.210.102 /index.php?s=/admin/articlem/index.html&_=1434004117034
INFO: [ route_check ] --START--
INFO: CheckRoute Behavior ::run [ RunTime:0.000455s ]
INFO: [ route_check ] --END-- [ RunTime:0.000518s ]
INFO: [ app_begin ] --START--
INFO: ReadHtmlCache Behavior ::run [ RunTime:0.000311s ]
INFO: [ app_begin ] --END-- [ RunTime:0.000348s ]
SQL: SHOW COLUMNS FROM `easy_article` [ RunTime:0.000794s ]
SQL: SELECT COUNT(*) AS tp_count FROM `easy_article` WHERE ( `islock` = 0 ) LIMIT 1   [ RunTime:0.000231s ]
SQL: SELECT * FROM `easy_article` WHERE ( `islock` = 0 ) ORDER BY article_id desc LIMIT 0,10   [ RunTime:0.000323s ]
SQL: SHOW COLUMNS FROM `easy_category` [ RunTime:0.000437s ]
SQL: SELECT * FROM `easy_category` WHERE ( 1=1 AND id='76' ) LIMIT 1   [ RunTime:0.000190s ]
SQL: SELECT * FROM `easy_category` WHERE ( 1=1 AND id='75' ) LIMIT 1   [ RunTime:0.000146s ]
SQL: SELECT * FROM `easy_category` WHERE ( 1=1 AND id='74' ) LIMIT 1   [ RunTime:0.000146s ]
SQL: SELECT * FROM `easy_category` WHERE ( 1=1 AND id='74' ) LIMIT 1   [ RunTime:0.000142s ]
SQL: SELECT * FROM `easy_category` WHERE ( 1=1 AND id='73' ) LIMIT 1   [ RunTime:0.000143s ]
SQL: SELECT * FROM `easy_category` WHERE ( 1=1 AND id='73' ) LIMIT 1   [ RunTime:0.000145s ]
SQL: SELECT * FROM `easy_category` WHERE ( 1=1 AND id='73' ) LIMIT 1   [ RunTime:0.000139s ]
SQL: SELECT * FROM `easy_category` WHERE ( 1=1 AND id='73' ) LIMIT 1   [ RunTime:0.000157s ]
SQL: SELECT * FROM `easy_category` WHERE ( 1=1 AND id='73' ) LIMIT 1   [ RunTime:0.000139s ]
SQL: SELECT * FROM `easy_category` WHERE ( 1=1 AND id='73' ) LIMIT 1   [ RunTime:0.000143s ]
NOTIC: [8] Undefined variable: search /alidata/www/default/App/Modules/Admin/Action/ArticlemAction.class.php 第 421 行.
NOTIC: [8] Undefined index: values /alidata/www/default/App/Modules/Admin/Action/ArticlemAction.class.php 第 422 行.
INFO: [ view_parse ] --START--
NOTIC: [8] Undefined index: _order /alidata/www/default/App/Runtime/Cache/Admin/d6a84e09d5c892be998c241c0b201a1e.php 第 4 行.
NOTIC: [8] Undefined index: _sort /alidata/www/default/App/Runtime/Cache/Admin/d6a84e09d5c892be998c241c0b201a1e.php 第 5 行.
NOTIC: [8] Undefined index: keyword /alidata/www/default/App/Runtime/Cache/Admin/d6a84e09d5c892be998c241c0b201a1e.php 第 14 行.
INFO: ParseTemplate Behavior ::run [ RunTime:0.007540s ]
INFO: [ view_parse ] --END-- [ RunTime:0.007577s ]
INFO: [ view_filter ] --START--
INFO: ContentReplace Behavior ::run [ RunTime:0.000220s ]
INFO: TokenBuild Behavior ::run [ RunTime:0.000186s ]
INFO: WriteHtmlCache Behavior ::run [ RunTime:0.000139s ]
INFO: ShowRuntime Behavior ::run [ RunTime:0.000252s ]
INFO: [ view_filter ] --END-- [ RunTime:0.000895s ]
INFO: [ view_end ] --START--
INFO: ShowPageTrace Behavior ::run [ RunTime:0.000319s ]
INFO: [ view_end ] --END-- [ RunTime:0.000354s ]

[ 2015-06-11T14:29:35+08:00 ] 183.62.210.102 /index.php?s=/admin/articlem/index.html&_=1434004123980
INFO: [ route_check ] --START--
INFO: CheckRoute Behavior ::run [ RunTime:0.000450s ]
INFO: [ route_check ] --END-- [ RunTime:0.000528s ]
INFO: [ app_begin ] --START--
INFO: ReadHtmlCache Behavior ::run [ RunTime:0.000297s ]
INFO: [ app_begin ] --END-- [ RunTime:0.000334s ]
SQL: SHOW COLUMNS FROM `easy_article` [ RunTime:0.001007s ]
SQL: SELECT COUNT(*) AS tp_count FROM `easy_article` WHERE ( `islock` = 0 ) LIMIT 1   [ RunTime:0.000276s ]
SQL: SELECT * FROM `easy_article` WHERE ( `islock` = 0 ) ORDER BY article_id desc LIMIT 0,10   [ RunTime:0.000438s ]
SQL: SHOW COLUMNS FROM `easy_category` [ RunTime:0.000679s ]
SQL: SELECT * FROM `easy_category` WHERE ( 1=1 AND id='76' ) LIMIT 1   [ RunTime:0.000213s ]
SQL: SELECT * FROM `easy_category` WHERE ( 1=1 AND id='75' ) LIMIT 1   [ RunTime:0.000189s ]
SQL: SELECT * FROM `easy_category` WHERE ( 1=1 AND id='74' ) LIMIT 1   [ RunTime:0.000186s ]
SQL: SELECT * FROM `easy_category` WHERE ( 1=1 AND id='74' ) LIMIT 1   [ RunTime:0.000205s ]
SQL: SELECT * FROM `easy_category` WHERE ( 1=1 AND id='73' ) LIMIT 1   [ RunTime:0.000185s ]
SQL: SELECT * FROM `easy_category` WHERE ( 1=1 AND id='73' ) LIMIT 1   [ RunTime:0.000185s ]
SQL: SELECT * FROM `easy_category` WHERE ( 1=1 AND id='73' ) LIMIT 1   [ RunTime:0.000180s ]
SQL: SELECT * FROM `easy_category` WHERE ( 1=1 AND id='73' ) LIMIT 1   [ RunTime:0.000180s ]
SQL: SELECT * FROM `easy_category` WHERE ( 1=1 AND id='73' ) LIMIT 1   [ RunTime:0.000186s ]
SQL: SELECT * FROM `easy_category` WHERE ( 1=1 AND id='73' ) LIMIT 1   [ RunTime:0.000181s ]
NOTIC: [8] Undefined variable: search /alidata/www/default/App/Modules/Admin/Action/ArticlemAction.class.php 第 421 行.
NOTIC: [8] Undefined index: values /alidata/www/default/App/Modules/Admin/Action/ArticlemAction.class.php 第 422 行.
INFO: [ view_parse ] --START--
NOTIC: [8] Undefined index: _order /alidata/www/default/App/Runtime/Cache/Admin/d6a84e09d5c892be998c241c0b201a1e.php 第 4 行.
NOTIC: [8] Undefined index: _sort /alidata/www/default/App/Runtime/Cache/Admin/d6a84e09d5c892be998c241c0b201a1e.php 第 5 行.
NOTIC: [8] Undefined index: keyword /alidata/www/default/App/Runtime/Cache/Admin/d6a84e09d5c892be998c241c0b201a1e.php 第 14 行.
INFO: ParseTemplate Behavior ::run [ RunTime:0.008487s ]
INFO: [ view_parse ] --END-- [ RunTime:0.008532s ]
INFO: [ view_filter ] --START--
INFO: ContentReplace Behavior ::run [ RunTime:0.000208s ]
INFO: TokenBuild Behavior ::run [ RunTime:0.000182s ]
INFO: WriteHtmlCache Behavior ::run [ RunTime:0.000116s ]
INFO: ShowRuntime Behavior ::run [ RunTime:0.000257s ]
INFO: [ view_filter ] --END-- [ RunTime:0.000858s ]
INFO: [ view_end ] --START--
INFO: ShowPageTrace Behavior ::run [ RunTime:0.000312s ]
INFO: [ view_end ] --END-- [ RunTime:0.000346s ]

[ 2015-06-11T14:29:35+08:00 ] 183.62.210.102 /index.php?s=/admin/articlem/index.html&_=1434004124168
INFO: [ route_check ] --START--
INFO: CheckRoute Behavior ::run [ RunTime:0.000423s ]
INFO: [ route_check ] --END-- [ RunTime:0.000481s ]
INFO: [ app_begin ] --START--
INFO: ReadHtmlCache Behavior ::run [ RunTime:0.000305s ]
INFO: [ app_begin ] --END-- [ RunTime:0.000343s ]
SQL: SHOW COLUMNS FROM `easy_article` [ RunTime:0.000708s ]
SQL: SELECT COUNT(*) AS tp_count FROM `easy_article` WHERE ( `islock` = 0 ) LIMIT 1   [ RunTime:0.000197s ]
SQL: SELECT * FROM `easy_article` WHERE ( `islock` = 0 ) ORDER BY article_id desc LIMIT 0,10   [ RunTime:0.000296s ]
SQL: SHOW COLUMNS FROM `easy_category` [ RunTime:0.000416s ]
SQL: SELECT * FROM `easy_category` WHERE ( 1=1 AND id='76' ) LIMIT 1   [ RunTime:0.000166s ]
SQL: SELECT * FROM `easy_category` WHERE ( 1=1 AND id='75' ) LIMIT 1   [ RunTime:0.000166s ]
SQL: SELECT * FROM `easy_category` WHERE ( 1=1 AND id='74' ) LIMIT 1   [ RunTime:0.000144s ]
SQL: SELECT * FROM `easy_category` WHERE ( 1=1 AND id='74' ) LIMIT 1   [ RunTime:0.000141s ]
SQL: SELECT * FROM `easy_category` WHERE ( 1=1 AND id='73' ) LIMIT 1   [ RunTime:0.000141s ]
SQL: SELECT * FROM `easy_category` WHERE ( 1=1 AND id='73' ) LIMIT 1   [ RunTime:0.000453s ]
SQL: SELECT * FROM `easy_category` WHERE ( 1=1 AND id='73' ) LIMIT 1   [ RunTime:0.000140s ]
SQL: SELECT * FROM `easy_category` WHERE ( 1=1 AND id='73' ) LIMIT 1   [ RunTime:0.000156s ]
SQL: SELECT * FROM `easy_category` WHERE ( 1=1 AND id='73' ) LIMIT 1   [ RunTime:0.000139s ]
SQL: SELECT * FROM `easy_category` WHERE ( 1=1 AND id='73' ) LIMIT 1   [ RunTime:0.000137s ]
NOTIC: [8] Undefined variable: search /alidata/www/default/App/Modules/Admin/Action/ArticlemAction.class.php 第 421 行.
NOTIC: [8] Undefined index: values /alidata/www/default/App/Modules/Admin/Action/ArticlemAction.class.php 第 422 行.
INFO: [ view_parse ] --START--
NOTIC: [8] Undefined index: _order /alidata/www/default/App/Runtime/Cache/Admin/d6a84e09d5c892be998c241c0b201a1e.php 第 4 行.
NOTIC: [8] Undefined index: _sort /alidata/www/default/App/Runtime/Cache/Admin/d6a84e09d5c892be998c241c0b201a1e.php 第 5 行.
NOTIC: [8] Undefined index: keyword /alidata/www/default/App/Runtime/Cache/Admin/d6a84e09d5c892be998c241c0b201a1e.php 第 14 行.
INFO: ParseTemplate Behavior ::run [ RunTime:0.006918s ]
INFO: [ view_parse ] --END-- [ RunTime:0.006953s ]
INFO: [ view_filter ] --START--
INFO: ContentReplace Behavior ::run [ RunTime:0.000229s ]
INFO: TokenBuild Behavior ::run [ RunTime:0.000192s ]
INFO: WriteHtmlCache Behavior ::run [ RunTime:0.000116s ]
INFO: ShowRuntime Behavior ::run [ RunTime:0.000227s ]
INFO: [ view_filter ] --END-- [ RunTime:0.000863s ]
INFO: [ view_end ] --START--
INFO: ShowPageTrace Behavior ::run [ RunTime:0.000330s ]
INFO: [ view_end ] --END-- [ RunTime:0.000366s ]

[ 2015-06-11T14:29:43+08:00 ] 183.62.210.102 /index.php?s=/admin/category/index.html&_=1434004132315
INFO: [ route_check ] --START--
INFO: CheckRoute Behavior ::run [ RunTime:0.000426s ]
INFO: [ route_check ] --END-- [ RunTime:0.000488s ]
INFO: [ app_begin ] --START--
INFO: ReadHtmlCache Behavior ::run [ RunTime:0.000301s ]
INFO: [ app_begin ] --END-- [ RunTime:0.000338s ]
SQL: SHOW COLUMNS FROM `easy_category` [ RunTime:0.000662s ]
SQL: SELECT COUNT(*) AS tp_count FROM `easy_category` LIMIT 1   [ RunTime:0.000146s ]
SQL: SELECT * FROM `easy_category` ORDER BY sort asc  [ RunTime:0.000186s ]
NOTIC: [8] Undefined variable: search /alidata/www/default/App/Modules/Admin/Action/CategoryAction.class.php 第 255 行.
NOTIC: [8] Undefined index: values /alidata/www/default/App/Modules/Admin/Action/CategoryAction.class.php 第 256 行.
INFO: [ view_parse ] --START--
NOTIC: [8] Undefined index: _order /alidata/www/default/App/Runtime/Cache/Admin/13155fbe2e021747f92be41abac42d59.php 第 4 行.
NOTIC: [8] Undefined index: _sort /alidata/www/default/App/Runtime/Cache/Admin/13155fbe2e021747f92be41abac42d59.php 第 5 行.
INFO: ParseTemplate Behavior ::run [ RunTime:0.006418s ]
INFO: [ view_parse ] --END-- [ RunTime:0.006458s ]
INFO: [ view_filter ] --START--
INFO: ContentReplace Behavior ::run [ RunTime:0.000266s ]
INFO: TokenBuild Behavior ::run [ RunTime:0.000192s ]
INFO: WriteHtmlCache Behavior ::run [ RunTime:0.000116s ]
INFO: ShowRuntime Behavior ::run [ RunTime:0.000243s ]
INFO: [ view_filter ] --END-- [ RunTime:0.000916s ]
INFO: [ view_end ] --START--
INFO: ShowPageTrace Behavior ::run [ RunTime:0.000346s ]
INFO: [ view_end ] --END-- [ RunTime:0.000387s ]

[ 2015-06-11T14:29:48+08:00 ] 183.62.210.102 /index.php?s=/admin/articlem/index.html&_=1434004136526
INFO: [ route_check ] --START--
INFO: CheckRoute Behavior ::run [ RunTime:0.000438s ]
INFO: [ route_check ] --END-- [ RunTime:0.000507s ]
INFO: [ app_begin ] --START--
INFO: ReadHtmlCache Behavior ::run [ RunTime:0.000296s ]
INFO: [ app_begin ] --END-- [ RunTime:0.000333s ]
SQL: SHOW COLUMNS FROM `easy_article` [ RunTime:0.000776s ]
SQL: SELECT COUNT(*) AS tp_count FROM `easy_article` WHERE ( `islock` = 0 ) LIMIT 1   [ RunTime:0.000207s ]
SQL: SELECT * FROM `easy_article` WHERE ( `islock` = 0 ) ORDER BY article_id desc LIMIT 0,10   [ RunTime:0.000471s ]
SQL: SHOW COLUMNS FROM `easy_category` [ RunTime:0.000554s ]
SQL: SELECT * FROM `easy_category` WHERE ( 1=1 AND id='76' ) LIMIT 1   [ RunTime:0.000172s ]
SQL: SELECT * FROM `easy_category` WHERE ( 1=1 AND id='75' ) LIMIT 1   [ RunTime:0.000148s ]
SQL: SELECT * FROM `easy_category` WHERE ( 1=1 AND id='74' ) LIMIT 1   [ RunTime:0.000142s ]
SQL: SELECT * FROM `easy_category` WHERE ( 1=1 AND id='74' ) LIMIT 1   [ RunTime:0.000140s ]
SQL: SELECT * FROM `easy_category` WHERE ( 1=1 AND id='73' ) LIMIT 1   [ RunTime:0.000176s ]
SQL: SELECT * FROM `easy_category` WHERE ( 1=1 AND id='73' ) LIMIT 1   [ RunTime:0.000138s ]
SQL: SELECT * FROM `easy_category` WHERE ( 1=1 AND id='73' ) LIMIT 1   [ RunTime:0.000136s ]
SQL: SELECT * FROM `easy_category` WHERE ( 1=1 AND id='73' ) LIMIT 1   [ RunTime:0.000137s ]
SQL: SELECT * FROM `easy_category` WHERE ( 1=1 AND id='73' ) LIMIT 1   [ RunTime:0.000156s ]
SQL: SELECT * FROM `easy_category` WHERE ( 1=1 AND id='73' ) LIMIT 1   [ RunTime:0.000135s ]
NOTIC: [8] Undefined variable: search /alidata/www/default/App/Modules/Admin/Action/ArticlemAction.class.php 第 421 行.
NOTIC: [8] Undefined index: values /alidata/www/default/App/Modules/Admin/Action/ArticlemAction.class.php 第 422 行.
INFO: [ view_parse ] --START--
NOTIC: [8] Undefined index: _order /alidata/www/default/App/Runtime/Cache/Admin/d6a84e09d5c892be998c241c0b201a1e.php 第 4 行.
NOTIC: [8] Undefined index: _sort /alidata/www/default/App/Runtime/Cache/Admin/d6a84e09d5c892be998c241c0b201a1e.php 第 5 行.
NOTIC: [8] Undefined index: keyword /alidata/www/default/App/Runtime/Cache/Admin/d6a84e09d5c892be998c241c0b201a1e.php 第 14 行.
INFO: ParseTemplate Behavior ::run [ RunTime:0.007197s ]
INFO: [ view_parse ] --END-- [ RunTime:0.007234s ]
INFO: [ view_filter ] --START--
INFO: ContentReplace Behavior ::run [ RunTime:0.000229s ]
INFO: TokenBuild Behavior ::run [ RunTime:0.000182s ]
INFO: WriteHtmlCache Behavior ::run [ RunTime:0.000115s ]
INFO: ShowRuntime Behavior ::run [ RunTime:0.000255s ]
INFO: [ view_filter ] --END-- [ RunTime:0.000882s ]
INFO: [ view_end ] --START--
INFO: ShowPageTrace Behavior ::run [ RunTime:0.000363s ]
INFO: [ view_end ] --END-- [ RunTime:0.000399s ]

[ 2015-06-11T14:29:59+08:00 ] 183.62.210.102 /index.php?s=/admin/articlem/index.html
INFO: [ route_check ] --START--
INFO: CheckRoute Behavior ::run [ RunTime:0.000430s ]
INFO: [ route_check ] --END-- [ RunTime:0.000493s ]
INFO: [ app_begin ] --START--
INFO: ReadHtmlCache Behavior ::run [ RunTime:0.000312s ]
INFO: [ app_begin ] --END-- [ RunTime:0.000350s ]
SQL: SHOW COLUMNS FROM `easy_article` [ RunTime:0.000768s ]
SQL: SELECT COUNT(*) AS tp_count FROM `easy_article` WHERE ( `islock` = 0 ) LIMIT 1   [ RunTime:0.000207s ]
SQL: SELECT * FROM `easy_article` WHERE ( `islock` = 0 ) ORDER BY article_id desc LIMIT 0,10   [ RunTime:0.000273s ]
SQL: SHOW COLUMNS FROM `easy_category` [ RunTime:0.000442s ]
SQL: SELECT * FROM `easy_category` WHERE ( 1=1 AND id='76' ) LIMIT 1   [ RunTime:0.000172s ]
SQL: SELECT * FROM `easy_category` WHERE ( 1=1 AND id='75' ) LIMIT 1   [ RunTime:0.000146s ]
SQL: SELECT * FROM `easy_category` WHERE ( 1=1 AND id='74' ) LIMIT 1   [ RunTime:0.000162s ]
SQL: SELECT * FROM `easy_category` WHERE ( 1=1 AND id='74' ) LIMIT 1   [ RunTime:0.000142s ]
SQL: SELECT * FROM `easy_category` WHERE ( 1=1 AND id='73' ) LIMIT 1   [ RunTime:0.000140s ]
SQL: SELECT * FROM `easy_category` WHERE ( 1=1 AND id='73' ) LIMIT 1   [ RunTime:0.000140s ]
SQL: SELECT * FROM `easy_category` WHERE ( 1=1 AND id='73' ) LIMIT 1   [ RunTime:0.000157s ]
SQL: SELECT * FROM `easy_category` WHERE ( 1=1 AND id='73' ) LIMIT 1   [ RunTime:0.000142s ]
SQL: SELECT * FROM `easy_category` WHERE ( 1=1 AND id='73' ) LIMIT 1   [ RunTime:0.000139s ]
SQL: SELECT * FROM `easy_category` WHERE ( 1=1 AND id='73' ) LIMIT 1   [ RunTime:0.000137s ]
NOTIC: [8] Undefined variable: search /alidata/www/default/App/Modules/Admin/Action/ArticlemAction.class.php 第 421 行.
NOTIC: [8] Undefined index: values /alidata/www/default/App/Modules/Admin/Action/ArticlemAction.class.php 第 422 行.
INFO: [ view_parse ] --START--
NOTIC: [8] Undefined index: _order /alidata/www/default/App/Runtime/Cache/Admin/d6a84e09d5c892be998c241c0b201a1e.php 第 4 行.
NOTIC: [8] Undefined index: _sort /alidata/www/default/App/Runtime/Cache/Admin/d6a84e09d5c892be998c241c0b201a1e.php 第 5 行.
INFO: ParseTemplate Behavior ::run [ RunTime:0.007012s ]
INFO: [ view_parse ] --END-- [ RunTime:0.007051s ]
INFO: [ view_filter ] --START--
INFO: ContentReplace Behavior ::run [ RunTime:0.000217s ]
INFO: TokenBuild Behavior ::run [ RunTime:0.000183s ]
INFO: WriteHtmlCache Behavior ::run [ RunTime:0.000116s ]
INFO: ShowRuntime Behavior ::run [ RunTime:0.000255s ]
INFO: [ view_filter ] --END-- [ RunTime:0.000869s ]
INFO: [ view_end ] --START--
INFO: ShowPageTrace Behavior ::run [ RunTime:0.000317s ]
INFO: [ view_end ] --END-- [ RunTime:0.000387s ]

[ 2015-06-11T14:30:00+08:00 ] 183.62.210.102 /index.php?s=/admin/articlem/index.html
INFO: [ route_check ] --START--
INFO: CheckRoute Behavior ::run [ RunTime:0.000474s ]
INFO: [ route_check ] --END-- [ RunTime:0.000535s ]
INFO: [ app_begin ] --START--
INFO: ReadHtmlCache Behavior ::run [ RunTime:0.000284s ]
INFO: [ app_begin ] --END-- [ RunTime:0.000321s ]
SQL: SHOW COLUMNS FROM `easy_article` [ RunTime:0.000805s ]
SQL: SELECT COUNT(*) AS tp_count FROM `easy_article` WHERE ( `islock` = 0 ) LIMIT 1   [ RunTime:0.000220s ]
SQL: SELECT * FROM `easy_article` WHERE ( `islock` = 0 ) ORDER BY article_id desc LIMIT 0,10   [ RunTime:0.000325s ]
SQL: SHOW COLUMNS FROM `easy_category` [ RunTime:0.000434s ]
SQL: SELECT * FROM `easy_category` WHERE ( 1=1 AND id='76' ) LIMIT 1   [ RunTime:0.000176s ]
SQL: SELECT * FROM `easy_category` WHERE ( 1=1 AND id='75' ) LIMIT 1   [ RunTime:0.000147s ]
SQL: SELECT * FROM `easy_category` WHERE ( 1=1 AND id='74' ) LIMIT 1   [ RunTime:0.000437s ]
SQL: SELECT * FROM `easy_category` WHERE ( 1=1 AND id='74' ) LIMIT 1   [ RunTime:0.000142s ]
SQL: SELECT * FROM `easy_category` WHERE ( 1=1 AND id='73' ) LIMIT 1   [ RunTime:0.000141s ]
SQL: SELECT * FROM `easy_category` WHERE ( 1=1 AND id='73' ) LIMIT 1   [ RunTime:0.000136s ]
SQL: SELECT * FROM `easy_category` WHERE ( 1=1 AND id='73' ) LIMIT 1   [ RunTime:0.000142s ]
SQL: SELECT * FROM `easy_category` WHERE ( 1=1 AND id='73' ) LIMIT 1   [ RunTime:0.000141s ]
SQL: SELECT * FROM `easy_category` WHERE ( 1=1 AND id='73' ) LIMIT 1   [ RunTime:0.000136s ]
SQL: SELECT * FROM `easy_category` WHERE ( 1=1 AND id='73' ) LIMIT 1   [ RunTime:0.000134s ]
NOTIC: [8] Undefined variable: search /alidata/www/default/App/Modules/Admin/Action/ArticlemAction.class.php 第 421 行.
NOTIC: [8] Undefined index: values /alidata/www/default/App/Modules/Admin/Action/ArticlemAction.class.php 第 422 行.
INFO: [ view_parse ] --START--
NOTIC: [8] Undefined index: _order /alidata/www/default/App/Runtime/Cache/Admin/d6a84e09d5c892be998c241c0b201a1e.php 第 4 行.
NOTIC: [8] Undefined index: _sort /alidata/www/default/App/Runtime/Cache/Admin/d6a84e09d5c892be998c241c0b201a1e.php 第 5 行.
INFO: ParseTemplate Behavior ::run [ RunTime:0.007245s ]
INFO: [ view_parse ] --END-- [ RunTime:0.007293s ]
INFO: [ view_filter ] --START--
INFO: ContentReplace Behavior ::run [ RunTime:0.000216s ]
INFO: TokenBuild Behavior ::run [ RunTime:0.000216s ]
INFO: WriteHtmlCache Behavior ::run [ RunTime:0.000125s ]
INFO: ShowRuntime Behavior ::run [ RunTime:0.000234s ]
INFO: [ view_filter ] --END-- [ RunTime:0.000889s ]
INFO: [ view_end ] --START--
INFO: ShowPageTrace Behavior ::run [ RunTime:0.000333s ]
INFO: [ view_end ] --END-- [ RunTime:0.000370s ]

[ 2015-06-11T14:30:11+08:00 ] 183.62.210.102 /index.php?s=/admin/articlem/edit/article_id/69&_=1434004160113
INFO: [ route_check ] --START--
INFO: CheckRoute Behavior ::run [ RunTime:0.000426s ]
INFO: [ route_check ] --END-- [ RunTime:0.000493s ]
INFO: [ app_begin ] --START--
INFO: ReadHtmlCache Behavior ::run [ RunTime:0.000305s ]
INFO: [ app_begin ] --END-- [ RunTime:0.000342s ]
SQL: SHOW COLUMNS FROM `easy_article` [ RunTime:0.000761s ]
SQL: SELECT * FROM `easy_article` WHERE ( `article_id` = 69 ) LIMIT 1   [ RunTime:0.000202s ]
SQL: SHOW COLUMNS FROM `easy_category` [ RunTime:0.000419s ]
SQL: SELECT * FROM `easy_category` WHERE ( 1=1 AND id='74' ) LIMIT 1   [ RunTime:0.000167s ]
INFO: [ view_parse ] --START--
INFO: ParseTemplate Behavior ::run [ RunTime:0.005540s ]
INFO: [ view_parse ] --END-- [ RunTime:0.005584s ]
INFO: [ view_filter ] --START--
INFO: ContentReplace Behavior ::run [ RunTime:0.000181s ]
INFO: TokenBuild Behavior ::run [ RunTime:0.000180s ]
INFO: WriteHtmlCache Behavior ::run [ RunTime:0.000140s ]
INFO: ShowRuntime Behavior ::run [ RunTime:0.000225s ]
INFO: [ view_filter ] --END-- [ RunTime:0.000830s ]
INFO: [ view_end ] --START--
INFO: ShowPageTrace Behavior ::run [ RunTime:0.000332s ]
INFO: [ view_end ] --END-- [ RunTime:0.000364s ]

[ 2015-06-11T14:31:02+08:00 ] 183.62.210.102 /index.php?s=/admin/articlem/edit/article_id/67&_=1434004210941
INFO: [ route_check ] --START--
INFO: CheckRoute Behavior ::run [ RunTime:0.000424s ]
INFO: [ route_check ] --END-- [ RunTime:0.000487s ]
INFO: [ app_begin ] --START--
INFO: ReadHtmlCache Behavior ::run [ RunTime:0.000288s ]
INFO: [ app_begin ] --END-- [ RunTime:0.000325s ]
SQL: SHOW COLUMNS FROM `easy_article` [ RunTime:0.000776s ]
SQL: SELECT * FROM `easy_article` WHERE ( `article_id` = 67 ) LIMIT 1   [ RunTime:0.000204s ]
SQL: SHOW COLUMNS FROM `easy_category` [ RunTime:0.000420s ]
SQL: SELECT * FROM `easy_category` WHERE ( 1=1 AND id='73' ) LIMIT 1   [ RunTime:0.000171s ]
INFO: [ view_parse ] --START--
INFO: ParseTemplate Behavior ::run [ RunTime:0.005540s ]
INFO: [ view_parse ] --END-- [ RunTime:0.005589s ]
INFO: [ view_filter ] --START--
INFO: ContentReplace Behavior ::run [ RunTime:0.000183s ]
INFO: TokenBuild Behavior ::run [ RunTime:0.000211s ]
INFO: WriteHtmlCache Behavior ::run [ RunTime:0.000120s ]
INFO: ShowRuntime Behavior ::run [ RunTime:0.000240s ]
INFO: [ view_filter ] --END-- [ RunTime:0.000857s ]
INFO: [ view_end ] --START--
INFO: ShowPageTrace Behavior ::run [ RunTime:0.000335s ]
INFO: [ view_end ] --END-- [ RunTime:0.000367s ]

[ 2015-06-11T14:31:20+08:00 ] 183.62.210.102 /index.php?s=/admin/articlem/edit/article_id/66&_=1434004229368
INFO: [ route_check ] --START--
INFO: CheckRoute Behavior ::run [ RunTime:0.000440s ]
INFO: [ route_check ] --END-- [ RunTime:0.000503s ]
INFO: [ app_begin ] --START--
INFO: ReadHtmlCache Behavior ::run [ RunTime:0.000294s ]
INFO: [ app_begin ] --END-- [ RunTime:0.000331s ]
SQL: SHOW COLUMNS FROM `easy_article` [ RunTime:0.000752s ]
SQL: SELECT * FROM `easy_article` WHERE ( `article_id` = 66 ) LIMIT 1   [ RunTime:0.000206s ]
SQL: SHOW COLUMNS FROM `easy_category` [ RunTime:0.000437s ]
SQL: SELECT * FROM `easy_category` WHERE ( 1=1 AND id='73' ) LIMIT 1   [ RunTime:0.000169s ]
INFO: [ view_parse ] --START--
INFO: ParseTemplate Behavior ::run [ RunTime:0.005330s ]
INFO: [ view_parse ] --END-- [ RunTime:0.005391s ]
INFO: [ view_filter ] --START--
INFO: ContentReplace Behavior ::run [ RunTime:0.000186s ]
INFO: TokenBuild Behavior ::run [ RunTime:0.000180s ]
INFO: WriteHtmlCache Behavior ::run [ RunTime:0.000116s ]
INFO: ShowRuntime Behavior ::run [ RunTime:0.000221s ]
INFO: [ view_filter ] --END-- [ RunTime:0.000805s ]
INFO: [ view_end ] --START--
INFO: ShowPageTrace Behavior ::run [ RunTime:0.000358s ]
INFO: [ view_end ] --END-- [ RunTime:0.000389s ]

[ 2015-06-11T14:31:31+08:00 ] 183.62.210.102 /index.php?s=/admin/articlem/edit/article_id/65&_=1434004240135
INFO: [ route_check ] --START--
INFO: CheckRoute Behavior ::run [ RunTime:0.000475s ]
INFO: [ route_check ] --END-- [ RunTime:0.000537s ]
INFO: [ app_begin ] --START--
INFO: ReadHtmlCache Behavior ::run [ RunTime:0.000281s ]
INFO: [ app_begin ] --END-- [ RunTime:0.000318s ]
SQL: SHOW COLUMNS FROM `easy_article` [ RunTime:0.000800s ]
SQL: SELECT * FROM `easy_article` WHERE ( `article_id` = 65 ) LIMIT 1   [ RunTime:0.000222s ]
SQL: SHOW COLUMNS FROM `easy_category` [ RunTime:0.000419s ]
SQL: SELECT * FROM `easy_category` WHERE ( 1=1 AND id='73' ) LIMIT 1   [ RunTime:0.000199s ]
INFO: [ view_parse ] --START--
INFO: ParseTemplate Behavior ::run [ RunTime:0.005512s ]
INFO: [ view_parse ] --END-- [ RunTime:0.005557s ]
INFO: [ view_filter ] --START--
INFO: ContentReplace Behavior ::run [ RunTime:0.000185s ]
INFO: TokenBuild Behavior ::run [ RunTime:0.000204s ]
INFO: WriteHtmlCache Behavior ::run [ RunTime:0.000117s ]
INFO: ShowRuntime Behavior ::run [ RunTime:0.000237s ]
INFO: [ view_filter ] --END-- [ RunTime:0.000845s ]
INFO: [ view_end ] --START--
INFO: ShowPageTrace Behavior ::run [ RunTime:0.000334s ]
INFO: [ view_end ] --END-- [ RunTime:0.000367s ]

[ 2015-06-11T14:31:38+08:00 ] 183.62.210.102 /index.php?s=/admin/articlem/edit/article_id/64&_=1434004246423
INFO: [ route_check ] --START--
INFO: CheckRoute Behavior ::run [ RunTime:0.000460s ]
INFO: [ route_check ] --END-- [ RunTime:0.000523s ]
INFO: [ app_begin ] --START--
INFO: ReadHtmlCache Behavior ::run [ RunTime:0.000299s ]
INFO: [ app_begin ] --END-- [ RunTime:0.000338s ]
SQL: SHOW COLUMNS FROM `easy_article` [ RunTime:0.000778s ]
SQL: SELECT * FROM `easy_article` WHERE ( `article_id` = 64 ) LIMIT 1   [ RunTime:0.000204s ]
SQL: SHOW COLUMNS FROM `easy_category` [ RunTime:0.000408s ]
SQL: SELECT * FROM `easy_category` WHERE ( 1=1 AND id='73' ) LIMIT 1   [ RunTime:0.000166s ]
INFO: [ view_parse ] --START--
INFO: ParseTemplate Behavior ::run [ RunTime:0.005730s ]
INFO: [ view_parse ] --END-- [ RunTime:0.005775s ]
INFO: [ view_filter ] --START--
INFO: ContentReplace Behavior ::run [ RunTime:0.000203s ]
INFO: TokenBuild Behavior ::run [ RunTime:0.000183s ]
INFO: WriteHtmlCache Behavior ::run [ RunTime:0.000115s ]
INFO: ShowRuntime Behavior ::run [ RunTime:0.000228s ]
INFO: [ view_filter ] --END-- [ RunTime:0.000831s ]
INFO: [ view_end ] --START--
INFO: ShowPageTrace Behavior ::run [ RunTime:0.000358s ]
INFO: [ view_end ] --END-- [ RunTime:0.000389s ]

[ 2015-06-11T14:31:43+08:00 ] 183.62.210.102 /index.php?s=/admin/articlem/edit/article_id/63&_=1434004251704
INFO: [ route_check ] --START--
INFO: CheckRoute Behavior ::run [ RunTime:0.000449s ]
INFO: [ route_check ] --END-- [ RunTime:0.000510s ]
INFO: [ app_begin ] --START--
INFO: ReadHtmlCache Behavior ::run [ RunTime:0.000280s ]
INFO: [ app_begin ] --END-- [ RunTime:0.000317s ]
SQL: SHOW COLUMNS FROM `easy_article` [ RunTime:0.000821s ]
SQL: SELECT * FROM `easy_article` WHERE ( `article_id` = 63 ) LIMIT 1   [ RunTime:0.000255s ]
SQL: SHOW COLUMNS FROM `easy_category` [ RunTime:0.000412s ]
SQL: SELECT * FROM `easy_category` WHERE ( 1=1 AND id='73' ) LIMIT 1   [ RunTime:0.000181s ]
INFO: [ view_parse ] --START--
INFO: ParseTemplate Behavior ::run [ RunTime:0.005608s ]
INFO: [ view_parse ] --END-- [ RunTime:0.005655s ]
INFO: [ view_filter ] --START--
INFO: ContentReplace Behavior ::run [ RunTime:0.000268s ]
INFO: TokenBuild Behavior ::run [ RunTime:0.000192s ]
INFO: WriteHtmlCache Behavior ::run [ RunTime:0.000117s ]
INFO: ShowRuntime Behavior ::run [ RunTime:0.000229s ]
INFO: [ view_filter ] --END-- [ RunTime:0.000905s ]
INFO: [ view_end ] --START--
INFO: ShowPageTrace Behavior ::run [ RunTime:0.000379s ]
INFO: [ view_end ] --END-- [ RunTime:0.000415s ]

[ 2015-06-11T14:31:56+08:00 ] 183.62.210.102 /index.php?s=/admin/articlem/index.html&_=1434004264556
INFO: [ route_check ] --START--
INFO: CheckRoute Behavior ::run [ RunTime:0.000432s ]
INFO: [ route_check ] --END-- [ RunTime:0.000497s ]
INFO: [ app_begin ] --START--
INFO: ReadHtmlCache Behavior ::run [ RunTime:0.000281s ]
INFO: [ app_begin ] --END-- [ RunTime:0.000316s ]
SQL: SHOW COLUMNS FROM `easy_article` [ RunTime:0.000748s ]
SQL: SELECT COUNT(*) AS tp_count FROM `easy_article` WHERE ( `islock` = 0 ) LIMIT 1   [ RunTime:0.000223s ]
SQL: SELECT * FROM `easy_article` WHERE ( `islock` = 0 ) ORDER BY article_id desc LIMIT 0,10   [ RunTime:0.000318s ]
SQL: SHOW COLUMNS FROM `easy_category` [ RunTime:0.000417s ]
SQL: SELECT * FROM `easy_category` WHERE ( 1=1 AND id='76' ) LIMIT 1   [ RunTime:0.000167s ]
SQL: SELECT * FROM `easy_category` WHERE ( 1=1 AND id='75' ) LIMIT 1   [ RunTime:0.000144s ]
SQL: SELECT * FROM `easy_category` WHERE ( 1=1 AND id='74' ) LIMIT 1   [ RunTime:0.000140s ]
SQL: SELECT * FROM `easy_category` WHERE ( 1=1 AND id='74' ) LIMIT 1   [ RunTime:0.000139s ]
SQL: SELECT * FROM `easy_category` WHERE ( 1=1 AND id='73' ) LIMIT 1   [ RunTime:0.000166s ]
SQL: SELECT * FROM `easy_category` WHERE ( 1=1 AND id='73' ) LIMIT 1   [ RunTime:0.000138s ]
SQL: SELECT * FROM `easy_category` WHERE ( 1=1 AND id='73' ) LIMIT 1   [ RunTime:0.000135s ]
SQL: SELECT * FROM `easy_category` WHERE ( 1=1 AND id='73' ) LIMIT 1   [ RunTime:0.000135s ]
SQL: SELECT * FROM `easy_category` WHERE ( 1=1 AND id='73' ) LIMIT 1   [ RunTime:0.000170s ]
SQL: SELECT * FROM `easy_category` WHERE ( 1=1 AND id='73' ) LIMIT 1   [ RunTime:0.000137s ]
NOTIC: [8] Undefined variable: search /alidata/www/default/App/Modules/Admin/Action/ArticlemAction.class.php 第 421 行.
NOTIC: [8] Undefined index: values /alidata/www/default/App/Modules/Admin/Action/ArticlemAction.class.php 第 422 行.
INFO: [ view_parse ] --START--
NOTIC: [8] Undefined index: _order /alidata/www/default/App/Runtime/Cache/Admin/d6a84e09d5c892be998c241c0b201a1e.php 第 4 行.
NOTIC: [8] Undefined index: _sort /alidata/www/default/App/Runtime/Cache/Admin/d6a84e09d5c892be998c241c0b201a1e.php 第 5 行.
NOTIC: [8] Undefined index: keyword /alidata/www/default/App/Runtime/Cache/Admin/d6a84e09d5c892be998c241c0b201a1e.php 第 14 行.
INFO: ParseTemplate Behavior ::run [ RunTime:0.006755s ]
INFO: [ view_parse ] --END-- [ RunTime:0.006789s ]
INFO: [ view_filter ] --START--
INFO: ContentReplace Behavior ::run [ RunTime:0.000200s ]
INFO: TokenBuild Behavior ::run [ RunTime:0.000182s ]
INFO: WriteHtmlCache Behavior ::run [ RunTime:0.000133s ]
INFO: ShowRuntime Behavior ::run [ RunTime:0.000225s ]
INFO: [ view_filter ] --END-- [ RunTime:0.000835s ]
INFO: [ view_end ] --START--
INFO: ShowPageTrace Behavior ::run [ RunTime:0.000307s ]
INFO: [ view_end ] --END-- [ RunTime:0.000337s ]

[ 2015-06-11T14:31:56+08:00 ] 183.62.210.102 /index.php?s=/admin/articlem/index.html&_=1434004264726
INFO: [ route_check ] --START--
INFO: CheckRoute Behavior ::run [ RunTime:0.000415s ]
INFO: [ route_check ] --END-- [ RunTime:0.000464s ]
INFO: [ app_begin ] --START--
INFO: ReadHtmlCache Behavior ::run [ RunTime:0.000301s ]
INFO: [ app_begin ] --END-- [ RunTime:0.000338s ]
SQL: SHOW COLUMNS FROM `easy_article` [ RunTime:0.000530s ]
SQL: SELECT COUNT(*) AS tp_count FROM `easy_article` WHERE ( `islock` = 0 ) LIMIT 1   [ RunTime:0.000166s ]
SQL: SELECT * FROM `easy_article` WHERE ( `islock` = 0 ) ORDER BY article_id desc LIMIT 0,10   [ RunTime:0.000305s ]
SQL: SHOW COLUMNS FROM `easy_category` [ RunTime:0.000404s ]
SQL: SELECT * FROM `easy_category` WHERE ( 1=1 AND id='76' ) LIMIT 1   [ RunTime:0.000155s ]
SQL: SELECT * FROM `easy_category` WHERE ( 1=1 AND id='75' ) LIMIT 1   [ RunTime:0.000145s ]
SQL: SELECT * FROM `easy_category` WHERE ( 1=1 AND id='74' ) LIMIT 1   [ RunTime:0.000139s ]
SQL: SELECT * FROM `easy_category` WHERE ( 1=1 AND id='74' ) LIMIT 1   [ RunTime:0.000138s ]
SQL: SELECT * FROM `easy_category` WHERE ( 1=1 AND id='73' ) LIMIT 1   [ RunTime:0.000161s ]
SQL: SELECT * FROM `easy_category` WHERE ( 1=1 AND id='73' ) LIMIT 1   [ RunTime:0.000136s ]
SQL: SELECT * FROM `easy_category` WHERE ( 1=1 AND id='73' ) LIMIT 1   [ RunTime:0.000135s ]
SQL: SELECT * FROM `easy_category` WHERE ( 1=1 AND id='73' ) LIMIT 1   [ RunTime:0.000140s ]
SQL: SELECT * FROM `easy_category` WHERE ( 1=1 AND id='73' ) LIMIT 1   [ RunTime:0.000140s ]
SQL: SELECT * FROM `easy_category` WHERE ( 1=1 AND id='73' ) LIMIT 1   [ RunTime:0.000133s ]
NOTIC: [8] Undefined variable: search /alidata/www/default/App/Modules/Admin/Action/ArticlemAction.class.php 第 421 行.
NOTIC: [8] Undefined index: values /alidata/www/default/App/Modules/Admin/Action/ArticlemAction.class.php 第 422 行.
INFO: [ view_parse ] --START--
NOTIC: [8] Undefined index: _order /alidata/www/default/App/Runtime/Cache/Admin/d6a84e09d5c892be998c241c0b201a1e.php 第 4 行.
NOTIC: [8] Undefined index: _sort /alidata/www/default/App/Runtime/Cache/Admin/d6a84e09d5c892be998c241c0b201a1e.php 第 5 行.
NOTIC: [8] Undefined index: keyword /alidata/www/default/App/Runtime/Cache/Admin/d6a84e09d5c892be998c241c0b201a1e.php 第 14 行.
INFO: ParseTemplate Behavior ::run [ RunTime:0.006732s ]
INFO: [ view_parse ] --END-- [ RunTime:0.006766s ]
INFO: [ view_filter ] --START--
INFO: ContentReplace Behavior ::run [ RunTime:0.000201s ]
INFO: TokenBuild Behavior ::run [ RunTime:0.000179s ]
INFO: WriteHtmlCache Behavior ::run [ RunTime:0.000147s ]
INFO: ShowRuntime Behavior ::run [ RunTime:0.000228s ]
INFO: [ view_filter ] --END-- [ RunTime:0.000859s ]
INFO: [ view_end ] --START--
INFO: ShowPageTrace Behavior ::run [ RunTime:0.000307s ]
INFO: [ view_end ] --END-- [ RunTime:0.000351s ]

[ 2015-06-11T14:34:32+08:00 ] 183.62.210.102 /index.php?s=/admin/articlem/index.html&_=1434004421122
INFO: [ route_check ] --START--
INFO: CheckRoute Behavior ::run [ RunTime:0.000465s ]
INFO: [ route_check ] --END-- [ RunTime:0.000526s ]
INFO: [ app_begin ] --START--
INFO: ReadHtmlCache Behavior ::run [ RunTime:0.000280s ]
INFO: [ app_begin ] --END-- [ RunTime:0.000316s ]
SQL: SHOW COLUMNS FROM `easy_article` [ RunTime:0.000751s ]
SQL: SELECT COUNT(*) AS tp_count FROM `easy_article` WHERE ( `islock` = 0 ) LIMIT 1   [ RunTime:0.000208s ]
SQL: SELECT * FROM `easy_article` WHERE ( `islock` = 0 ) ORDER BY article_id desc LIMIT 0,10   [ RunTime:0.000277s ]
SQL: SHOW COLUMNS FROM `easy_category` [ RunTime:0.000439s ]
SQL: SELECT * FROM `easy_category` WHERE ( 1=1 AND id='76' ) LIMIT 1   [ RunTime:0.000175s ]
SQL: SELECT * FROM `easy_category` WHERE ( 1=1 AND id='75' ) LIMIT 1   [ RunTime:0.000150s ]
SQL: SELECT * FROM `easy_category` WHERE ( 1=1 AND id='74' ) LIMIT 1   [ RunTime:0.000165s ]
SQL: SELECT * FROM `easy_category` WHERE ( 1=1 AND id='74' ) LIMIT 1   [ RunTime:0.000146s ]
SQL: SELECT * FROM `easy_category` WHERE ( 1=1 AND id='73' ) LIMIT 1   [ RunTime:0.000144s ]
SQL: SELECT * FROM `easy_category` WHERE ( 1=1 AND id='73' ) LIMIT 1   [ RunTime:0.000144s ]
SQL: SELECT * FROM `easy_category` WHERE ( 1=1 AND id='73' ) LIMIT 1   [ RunTime:0.000144s ]
SQL: SELECT * FROM `easy_category` WHERE ( 1=1 AND id='73' ) LIMIT 1   [ RunTime:0.000144s ]
SQL: SELECT * FROM `easy_category` WHERE ( 1=1 AND id='73' ) LIMIT 1   [ RunTime:0.000152s ]
SQL: SELECT * FROM `easy_category` WHERE ( 1=1 AND id='73' ) LIMIT 1   [ RunTime:0.000141s ]
NOTIC: [8] Undefined variable: search /alidata/www/default/App/Modules/Admin/Action/ArticlemAction.class.php 第 421 行.
NOTIC: [8] Undefined index: values /alidata/www/default/App/Modules/Admin/Action/ArticlemAction.class.php 第 422 行.
INFO: [ view_parse ] --START--
NOTIC: [8] Undefined index: _order /alidata/www/default/App/Runtime/Cache/Admin/d6a84e09d5c892be998c241c0b201a1e.php 第 4 行.
NOTIC: [8] Undefined index: _sort /alidata/www/default/App/Runtime/Cache/Admin/d6a84e09d5c892be998c241c0b201a1e.php 第 5 行.
NOTIC: [8] Undefined index: keyword /alidata/www/default/App/Runtime/Cache/Admin/d6a84e09d5c892be998c241c0b201a1e.php 第 14 行.
INFO: ParseTemplate Behavior ::run [ RunTime:0.006921s ]
INFO: [ view_parse ] --END-- [ RunTime:0.006956s ]
INFO: [ view_filter ] --START--
INFO: ContentReplace Behavior ::run [ RunTime:0.000210s ]
INFO: TokenBuild Behavior ::run [ RunTime:0.000182s ]
INFO: WriteHtmlCache Behavior ::run [ RunTime:0.000115s ]
INFO: ShowRuntime Behavior ::run [ RunTime:0.000245s ]
INFO: [ view_filter ] --END-- [ RunTime:0.000849s ]
INFO: [ view_end ] --START--
INFO: ShowPageTrace Behavior ::run [ RunTime:0.000311s ]
INFO: [ view_end ] --END-- [ RunTime:0.000345s ]

[ 2015-06-11T14:36:15+08:00 ] 183.62.210.102 /index.php?s=/admin/category/index.html&_=1434004524338
INFO: [ route_check ] --START--
INFO: CheckRoute Behavior ::run [ RunTime:0.000426s ]
INFO: [ route_check ] --END-- [ RunTime:0.000493s ]
INFO: [ app_begin ] --START--
INFO: ReadHtmlCache Behavior ::run [ RunTime:0.000318s ]
INFO: [ app_begin ] --END-- [ RunTime:0.000376s ]
SQL: SHOW COLUMNS FROM `easy_category` [ RunTime:0.000673s ]
SQL: SELECT COUNT(*) AS tp_count FROM `easy_category` LIMIT 1   [ RunTime:0.000130s ]
SQL: SELECT * FROM `easy_category` ORDER BY sort asc  [ RunTime:0.000186s ]
NOTIC: [8] Undefined variable: search /alidata/www/default/App/Modules/Admin/Action/CategoryAction.class.php 第 255 行.
NOTIC: [8] Undefined index: values /alidata/www/default/App/Modules/Admin/Action/CategoryAction.class.php 第 256 行.
INFO: [ view_parse ] --START--
NOTIC: [8] Undefined index: _order /alidata/www/default/App/Runtime/Cache/Admin/13155fbe2e021747f92be41abac42d59.php 第 4 行.
NOTIC: [8] Undefined index: _sort /alidata/www/default/App/Runtime/Cache/Admin/13155fbe2e021747f92be41abac42d59.php 第 5 行.
INFO: ParseTemplate Behavior ::run [ RunTime:0.006135s ]
INFO: [ view_parse ] --END-- [ RunTime:0.006172s ]
INFO: [ view_filter ] --START--
INFO: ContentReplace Behavior ::run [ RunTime:0.000228s ]
INFO: TokenBuild Behavior ::run [ RunTime:0.000201s ]
INFO: WriteHtmlCache Behavior ::run [ RunTime:0.000116s ]
INFO: ShowRuntime Behavior ::run [ RunTime:0.000229s ]
INFO: [ view_filter ] --END-- [ RunTime:0.000868s ]
INFO: [ view_end ] --START--
INFO: ShowPageTrace Behavior ::run [ RunTime:0.000356s ]
INFO: [ view_end ] --END-- [ RunTime:0.000392s ]

