[ 2015-06-13T11:41:53+08:00 ] 223.73.1.180 /index.php?s=/admin/login/login.html
INFO: [ route_check ] --START--
INFO: CheckRoute Behavior ::run [ RunTime:0.000426s ]
INFO: [ route_check ] --END-- [ RunTime:0.000489s ]
INFO: [ app_begin ] --START--
INFO: ReadHtmlCache Behavior ::run [ RunTime:0.000297s ]
INFO: [ app_begin ] --END-- [ RunTime:0.000337s ]
INFO: [ view_parse ] --START--
SQL: SHOW COLUMNS FROM `easy_fields` [ RunTime:0.000538s ]
SQL: SELECT * FROM `easy_fields` WHERE ( `field` = 'title' ) LIMIT 1   [ RunTime:0.000185s ]
INFO: ParseTemplate Behavior ::run [ RunTime:0.010277s ]
INFO: [ view_parse ] --END-- [ RunTime:0.010332s ]
INFO: [ view_filter ] --START--
INFO: ContentReplace Behavior ::run [ RunTime:0.000233s ]
INFO: TokenBuild Behavior ::run [ RunTime:0.000196s ]
INFO: WriteHtmlCache Behavior ::run [ RunTime:0.000124s ]
INFO: ShowRuntime Behavior ::run [ RunTime:0.000274s ]
INFO: [ view_filter ] --END-- [ RunTime:0.000943s ]
INFO: [ view_end ] --START--
INFO: ShowPageTrace Behavior ::run [ RunTime:0.000366s ]
INFO: [ view_end ] --END-- [ RunTime:0.000404s ]

[ 2015-06-13T11:41:53+08:00 ] 223.73.1.180 /index.php?s=/admin/login/verify/
INFO: [ route_check ] --START--
INFO: CheckRoute Behavior ::run [ RunTime:0.000426s ]
INFO: [ route_check ] --END-- [ RunTime:0.000488s ]
INFO: [ app_begin ] --START--
INFO: ReadHtmlCache Behavior ::run [ RunTime:0.000292s ]
INFO: [ app_begin ] --END-- [ RunTime:0.000332s ]

